<?xml version="1.0" encoding="UTF-8" ?>
<testsuite tests="7" failures="2" name="com.project.backend.CategoryTestCase" time="0.526" errors="1" skipped="0">
  <properties>
[...]
</properties>
  <testcase classname="com.project.backend.CategoryTestCase" name="getAllCategorysTestCase" time="0.315">
    <failure message="get all usres  expected:&lt;3&gt; but was:&lt;4&gt;" type="java.lang.AssertionError">java.lang.AssertionError: get all usres  expected:&lt;3&gt; but was:&lt;4&gt;
	at org.junit.Assert.fail(Assert.java:74)
	at org.junit.Assert.failNotEquals(Assert.java:448)
	at org.junit.Assert.assertEquals(Assert.java:102)
	at org.junit.Assert.assertEquals(Assert.java:323)
	at com.project.backend.CategoryTestCase.getAllCategorysTestCase(CategoryTestCase.java:80)
	at sun.reflect.NativeMethodAccessorImpl.invoke0(Native Method)
	at sun.reflect.NativeMethodAccessorImpl.invoke(Unknown Source)
	at sun.reflect.DelegatingMethodAccessorImpl.invoke(Unknown Source)
	at java.lang.reflect.Method.invoke(Unknown Source)
	at org.junit.internal.runners.TestMethod.invoke(TestMethod.java:59)
	at org.junit.internal.runners.MethodRoadie.runTestMethod(MethodRoadie.java:98)
	at org.junit.internal.runners.MethodRoadie$2.run(MethodRoadie.java:79)
	at org.junit.internal.runners.MethodRoadie.runBeforesThenTestThenAfters(MethodRoadie.java:87)
	at org.junit.internal.runners.MethodRoadie.runTest(MethodRoadie.java:77)
	at org.junit.internal.runners.MethodRoadie.run(MethodRoadie.java:42)
	at org.junit.internal.runners.JUnit4ClassRunner.invokeTestMethod(JUnit4ClassRunner.java:88)
	at org.junit.internal.runners.JUnit4ClassRunner.runMethods(JUnit4ClassRunner.java:51)
	at org.junit.internal.runners.JUnit4ClassRunner$1.run(JUnit4ClassRunner.java:44)
	at org.junit.internal.runners.ClassRoadie.runUnprotected(ClassRoadie.java:27)
	at org.junit.internal.runners.ClassRoadie.runProtected(ClassRoadie.java:37)
	at org.junit.internal.runners.JUnit4ClassRunner.run(JUnit4ClassRunner.java:42)
	at org.apache.maven.surefire.junit4.JUnit4Provider.execute(JUnit4Provider.java:252)
	at org.apache.maven.surefire.junit4.JUnit4Provider.executeTestSet(JUnit4Provider.java:141)
	at org.apache.maven.surefire.junit4.JUnit4Provider.invoke(JUnit4Provider.java:112)
	at sun.reflect.NativeMethodAccessorImpl.invoke0(Native Method)
	at sun.reflect.NativeMethodAccessorImpl.invoke(Unknown Source)
	at sun.reflect.DelegatingMethodAccessorImpl.invoke(Unknown Source)
	at java.lang.reflect.Method.invoke(Unknown Source)
	at org.apache.maven.surefire.util.ReflectionUtils.invokeMethodWithArray(ReflectionUtils.java:189)
	at org.apache.maven.surefire.booter.ProviderFactory$ProviderProxy.invoke(ProviderFactory.java:165)
	at org.apache.maven.surefire.booter.ProviderFactory.invokeProvider(ProviderFactory.java:85)
	at org.apache.maven.surefire.booter.ForkedBooter.runSuitesInProcess(ForkedBooter.java:115)
	at org.apache.maven.surefire.booter.ForkedBooter.main(ForkedBooter.java:75)
</failure>
    <system-out>22:30:02.932 [main] DEBUG org.springframework.core.env.StandardEnvironment - Adding PropertySource &apos;systemProperties&apos; with lowest search precedence
22:30:02.948 [main] DEBUG org.springframework.core.env.StandardEnvironment - Adding PropertySource &apos;systemEnvironment&apos; with lowest search precedence
22:30:02.949 [main] DEBUG org.springframework.core.env.StandardEnvironment - Initialized StandardEnvironment with PropertySources [MapPropertySource@892529689 {name=&apos;systemProperties&apos;, properties={java.runtime.name=Java(TM) SE Runtime Environment, sun.boot.library.path=C:\Program Files\Java\jre1.8.0_161\bin, java.vm.version=25.161-b12, java.vm.vendor=Oracle Corporation, java.vendor.url=http://java.oracle.com/, path.separator=;, java.vm.name=Java HotSpot(TM) 64-Bit Server VM, file.encoding.pkg=sun.io, user.country=US, user.script=, sun.java.launcher=SUN_STANDARD, sun.os.patch.level=, java.vm.specification.name=Java Virtual Machine Specification, user.dir=F:\Workstation\backend, java.runtime.version=1.8.0_161-b12, basedir=F:\Workstation\backend, java.awt.graphicsenv=sun.awt.Win32GraphicsEnvironment, java.endorsed.dirs=C:\Program Files\Java\jre1.8.0_161\lib\endorsed, os.arch=amd64, surefire.real.class.path=F:\Workstation\backend\target\surefire\surefirebooter1169634460267211287.jar, java.io.tmpdir=C:\Users\yogender\AppData\Local\Temp\, line.separator=
, java.vm.specification.vendor=Oracle Corporation, user.variant=, os.name=Windows 10, sun.jnu.encoding=Cp1252, java.library.path=C:\Program Files\Java\jre1.8.0_161\bin;C:\WINDOWS\Sun\Java\bin;C:\WINDOWS\system32;C:\WINDOWS;C:/Program Files/Java/jre1.8.0_161/bin/server;C:/Program Files/Java/jre1.8.0_161/bin;C:/Program Files/Java/jre1.8.0_161/lib/amd64;C:\ProgramData\Oracle\Java\javapath;C:\WINDOWS\system32;C:\WINDOWS;C:\WINDOWS\System32\Wbem;C:\WINDOWS\System32\WindowsPowerShell\v1.0\;F:\apache-maven-3.5.2\bin;C:\Program Files\Java\jdk1.8.0_161\bin;C:\Users\yogender\AppData\Local\Microsoft\WindowsApps;C:\Users\yogender\AppData\Local\GitHubDesktop\bin;F:\study material\softwares\eclipse;;., surefire.test.class.path=F:\Workstation\backend\target\test-classes;F:\Workstation\backend\target\classes;C:\Users\yogender\.m2\repository\javax\xml\jaxb-impl\2.1\jaxb-impl-2.1.jar;C:\Users\yogender\.m2\repository\org\glassfish\jaxb\jaxb-core\2.2.11\jaxb-core-2.2.11.jar;C:\Users\yogender\.m2\repository\javax\xml\bind\jaxb-api\2.3.0\jaxb-api-2.3.0.jar;C:\Users\yogender\.m2\repository\org\apache\maven\maven-plugin-api\3.3.9\maven-plugin-api-3.3.9.jar;C:\Users\yogender\.m2\repository\org\apache\maven\maven-model\3.3.9\maven-model-3.3.9.jar;C:\Users\yogender\.m2\repository\org\codehaus\plexus\plexus-utils\3.0.22\plexus-utils-3.0.22.jar;C:\Users\yogender\.m2\repository\org\apache\commons\commons-lang3\3.4\commons-lang3-3.4.jar;C:\Users\yogender\.m2\repository\org\apache\maven\maven-artifact\3.3.9\maven-artifact-3.3.9.jar;C:\Users\yogender\.m2\repository\org\eclipse\sisu\org.eclipse.sisu.plexus\0.3.2\org.eclipse.sisu.plexus-0.3.2.jar;C:\Users\yogender\.m2\repository\javax\enterprise\cdi-api\1.0\cdi-api-1.0.jar;C:\Users\yogender\.m2\repository\javax\annotation\jsr250-api\1.0\jsr250-api-1.0.jar;C:\Users\yogender\.m2\repository\javax\inject\javax.inject\1\javax.inject-1.jar;C:\Users\yogender\.m2\repository\org\eclipse\sisu\org.eclipse.sisu.inject\0.3.2\org.eclipse.sisu.inject-0.3.2.jar;C:\Users\yogender\.m2\repository\org\codehaus\plexus\plexus-component-annotations\1.5.5\plexus-component-annotations-1.5.5.jar;C:\Users\yogender\.m2\repository\org\codehaus\plexus\plexus-classworlds\2.5.2\plexus-classworlds-2.5.2.jar;C:\Users\yogender\.m2\repository\org\springframework\spring-core\5.0.4.RELEASE\spring-core-5.0.4.RELEASE.jar;C:\Users\yogender\.m2\repository\org\springframework\spring-jcl\5.0.4.RELEASE\spring-jcl-5.0.4.RELEASE.jar;C:\Users\yogender\.m2\repository\org\springframework\spring-context\5.0.4.RELEASE\spring-context-5.0.4.RELEASE.jar;C:\Users\yogender\.m2\repository\org\springframework\spring-aop\5.0.4.RELEASE\spring-aop-5.0.4.RELEASE.jar;C:\Users\yogender\.m2\repository\org\springframework\spring-beans\5.0.4.RELEASE\spring-beans-5.0.4.RELEASE.jar;C:\Users\yogender\.m2\repository\org\springframework\spring-expression\5.0.4.RELEASE\spring-expression-5.0.4.RELEASE.jar;C:\Users\yogender\.m2\repository\org\hibernate\hibernate-core\5.0.4.Final\hibernate-core-5.0.4.Final.jar;C:\Users\yogender\.m2\repository\org\jboss\logging\jboss-logging\3.3.0.Final\jboss-logging-3.3.0.Final.jar;C:\Users\yogender\.m2\repository\org\hibernate\javax\persistence\hibernate-jpa-2.1-api\1.0.0.Final\hibernate-jpa-2.1-api-1.0.0.Final.jar;C:\Users\yogender\.m2\repository\org\javassist\javassist\3.18.1-GA\javassist-3.18.1-GA.jar;C:\Users\yogender\.m2\repository\antlr\antlr\2.7.7\antlr-2.7.7.jar;C:\Users\yogender\.m2\repository\org\jboss\jandex\2.0.0.CR1\jandex-2.0.0.CR1.jar;C:\Users\yogender\.m2\repository\dom4j\dom4j\1.6.1\dom4j-1.6.1.jar;C:\Users\yogender\.m2\repository\xml-apis\xml-apis\1.0.b2\xml-apis-1.0.b2.jar;C:\Users\yogender\.m2\repository\org\hibernate\common\hibernate-commons-annotations\5.0.0.Final\hibernate-commons-annotations-5.0.0.Final.jar;C:\Users\yogender\.m2\repository\org\springframework\spring-orm\5.0.4.RELEASE\spring-orm-5.0.4.RELEASE.jar;C:\Users\yogender\.m2\repository\org\springframework\spring-jdbc\5.0.4.RELEASE\spring-jdbc-5.0.4.RELEASE.jar;C:\Users\yogender\.m2\repository\org\springframework\spring-tx\5.0.4.RELEASE\spring-tx-5.0.4.RELEASE.jar;C:\Users\yogender\.m2\repository\com\h2database\h2\1.4.196\h2-1.4.196.jar;C:\Users\yogender\.m2\repository\junit\junit\4.4\junit-4.4.jar;C:\Users\yogender\.m2\repository\javax\transaction\jta\1.1\jta-1.1.jar;C:\Users\yogender\.m2\repository\org\slf4j\slf4j-api\1.7.25\slf4j-api-1.7.25.jar;C:\Users\yogender\.m2\repository\ch\qos\logback\logback-classic\1.2.3\logback-classic-1.2.3.jar;C:\Users\yogender\.m2\repository\ch\qos\logback\logback-core\1.2.3\logback-core-1.2.3.jar;, java.specification.name=Java Platform API Specification, java.class.version=52.0, sun.management.compiler=HotSpot 64-Bit Tiered Compilers, os.version=10.0, user.home=C:\Users\yogender, user.timezone=Asia/Calcutta, java.awt.printerjob=sun.awt.windows.WPrinterJob, file.encoding=Cp1252, java.specification.version=1.8, java.class.path=F:\Workstation\backend\target\test-classes;F:\Workstation\backend\target\classes;C:\Users\yogender\.m2\repository\javax\xml\jaxb-impl\2.1\jaxb-impl-2.1.jar;C:\Users\yogender\.m2\repository\org\glassfish\jaxb\jaxb-core\2.2.11\jaxb-core-2.2.11.jar;C:\Users\yogender\.m2\repository\javax\xml\bind\jaxb-api\2.3.0\jaxb-api-2.3.0.jar;C:\Users\yogender\.m2\repository\org\apache\maven\maven-plugin-api\3.3.9\maven-plugin-api-3.3.9.jar;C:\Users\yogender\.m2\repository\org\apache\maven\maven-model\3.3.9\maven-model-3.3.9.jar;C:\Users\yogender\.m2\repository\org\codehaus\plexus\plexus-utils\3.0.22\plexus-utils-3.0.22.jar;C:\Users\yogender\.m2\repository\org\apache\commons\commons-lang3\3.4\commons-lang3-3.4.jar;C:\Users\yogender\.m2\repository\org\apache\maven\maven-artifact\3.3.9\maven-artifact-3.3.9.jar;C:\Users\yogender\.m2\repository\org\eclipse\sisu\org.eclipse.sisu.plexus\0.3.2\org.eclipse.sisu.plexus-0.3.2.jar;C:\Users\yogender\.m2\repository\javax\enterprise\cdi-api\1.0\cdi-api-1.0.jar;C:\Users\yogender\.m2\repository\javax\annotation\jsr250-api\1.0\jsr250-api-1.0.jar;C:\Users\yogender\.m2\repository\javax\inject\javax.inject\1\javax.inject-1.jar;C:\Users\yogender\.m2\repository\org\eclipse\sisu\org.eclipse.sisu.inject\0.3.2\org.eclipse.sisu.inject-0.3.2.jar;C:\Users\yogender\.m2\repository\org\codehaus\plexus\plexus-component-annotations\1.5.5\plexus-component-annotations-1.5.5.jar;C:\Users\yogender\.m2\repository\org\codehaus\plexus\plexus-classworlds\2.5.2\plexus-classworlds-2.5.2.jar;C:\Users\yogender\.m2\repository\org\springframework\spring-core\5.0.4.RELEASE\spring-core-5.0.4.RELEASE.jar;C:\Users\yogender\.m2\repository\org\springframework\spring-jcl\5.0.4.RELEASE\spring-jcl-5.0.4.RELEASE.jar;C:\Users\yogender\.m2\repository\org\springframework\spring-context\5.0.4.RELEASE\spring-context-5.0.4.RELEASE.jar;C:\Users\yogender\.m2\repository\org\springframework\spring-aop\5.0.4.RELEASE\spring-aop-5.0.4.RELEASE.jar;C:\Users\yogender\.m2\repository\org\springframework\spring-beans\5.0.4.RELEASE\spring-beans-5.0.4.RELEASE.jar;C:\Users\yogender\.m2\repository\org\springframework\spring-expression\5.0.4.RELEASE\spring-expression-5.0.4.RELEASE.jar;C:\Users\yogender\.m2\repository\org\hibernate\hibernate-core\5.0.4.Final\hibernate-core-5.0.4.Final.jar;C:\Users\yogender\.m2\repository\org\jboss\logging\jboss-logging\3.3.0.Final\jboss-logging-3.3.0.Final.jar;C:\Users\yogender\.m2\repository\org\hibernate\javax\persistence\hibernate-jpa-2.1-api\1.0.0.Final\hibernate-jpa-2.1-api-1.0.0.Final.jar;C:\Users\yogender\.m2\repository\org\javassist\javassist\3.18.1-GA\javassist-3.18.1-GA.jar;C:\Users\yogender\.m2\repository\antlr\antlr\2.7.7\antlr-2.7.7.jar;C:\Users\yogender\.m2\repository\org\jboss\jandex\2.0.0.CR1\jandex-2.0.0.CR1.jar;C:\Users\yogender\.m2\repository\dom4j\dom4j\1.6.1\dom4j-1.6.1.jar;C:\Users\yogender\.m2\repository\xml-apis\xml-apis\1.0.b2\xml-apis-1.0.b2.jar;C:\Users\yogender\.m2\repository\org\hibernate\common\hibernate-commons-annotations\5.0.0.Final\hibernate-commons-annotations-5.0.0.Final.jar;C:\Users\yogender\.m2\repository\org\springframework\spring-orm\5.0.4.RELEASE\spring-orm-5.0.4.RELEASE.jar;C:\Users\yogender\.m2\repository\org\springframework\spring-jdbc\5.0.4.RELEASE\spring-jdbc-5.0.4.RELEASE.jar;C:\Users\yogender\.m2\repository\org\springframework\spring-tx\5.0.4.RELEASE\spring-tx-5.0.4.RELEASE.jar;C:\Users\yogender\.m2\repository\com\h2database\h2\1.4.196\h2-1.4.196.jar;C:\Users\yogender\.m2\repository\junit\junit\4.4\junit-4.4.jar;C:\Users\yogender\.m2\repository\javax\transaction\jta\1.1\jta-1.1.jar;C:\Users\yogender\.m2\repository\org\slf4j\slf4j-api\1.7.25\slf4j-api-1.7.25.jar;C:\Users\yogender\.m2\repository\ch\qos\logback\logback-classic\1.2.3\logback-classic-1.2.3.jar;C:\Users\yogender\.m2\repository\ch\qos\logback\logback-core\1.2.3\logback-core-1.2.3.jar;, user.name=yogender, java.vm.specification.version=1.8, sun.java.command=F:\Workstation\backend\target\surefire\surefirebooter1169634460267211287.jar F:\Workstation\backend\target\surefire\surefire3937481837042953127tmp F:\Workstation\backend\target\surefire\surefire_0294470579703560172tmp, java.home=C:\Program Files\Java\jre1.8.0_161, sun.arch.data.model=64, user.language=en, java.specification.vendor=Oracle Corporation, awt.toolkit=sun.awt.windows.WToolkit, java.vm.info=mixed mode, java.version=1.8.0_161, java.ext.dirs=C:\Program Files\Java\jre1.8.0_161\lib\ext;C:\WINDOWS\Sun\Java\lib\ext, sun.boot.class.path=C:\Program Files\Java\jre1.8.0_161\lib\resources.jar;C:\Program Files\Java\jre1.8.0_161\lib\rt.jar;C:\Program Files\Java\jre1.8.0_161\lib\sunrsasign.jar;C:\Program Files\Java\jre1.8.0_161\lib\jsse.jar;C:\Program Files\Java\jre1.8.0_161\lib\jce.jar;C:\Program Files\Java\jre1.8.0_161\lib\charsets.jar;C:\Program Files\Java\jre1.8.0_161\lib\jfr.jar;C:\Program Files\Java\jre1.8.0_161\classes, java.vendor=Oracle Corporation, localRepository=C:\Users\yogender\.m2\repository, file.separator=\, java.vendor.url.bug=http://bugreport.sun.com/bugreport/, sun.io.unicode.encoding=UnicodeLittle, sun.cpu.endian=little, sun.desktop=windows, sun.cpu.isalist=amd64}}, SystemEnvironmentPropertySource@1757676444 {name=&apos;systemEnvironment&apos;, properties={GOOGLE_DEFAULT_CLIENT_ID=no, PATH=C:/Program Files/Java/jre1.8.0_161/bin/server;C:/Program Files/Java/jre1.8.0_161/bin;C:/Program Files/Java/jre1.8.0_161/lib/amd64;C:\ProgramData\Oracle\Java\javapath;C:\WINDOWS\system32;C:\WINDOWS;C:\WINDOWS\System32\Wbem;C:\WINDOWS\System32\WindowsPowerShell\v1.0\;F:\apache-maven-3.5.2\bin;C:\Program Files\Java\jdk1.8.0_161\bin;C:\Users\yogender\AppData\Local\Microsoft\WindowsApps;C:\Users\yogender\AppData\Local\GitHubDesktop\bin;F:\study material\softwares\eclipse;, USERDOMAIN_ROAMINGPROFILE=LAPTOP-BGB9KQ7P, LOCALAPPDATA=C:\Users\yogender\AppData\Local, PROCESSOR_LEVEL=6, SYSTEMDRIVE=C:, COMMONPROGRAMFILES(X86)=C:\Program Files (x86)\Common Files, USERDOMAIN=LAPTOP-BGB9KQ7P, FPS_BROWSER_APP_PROFILE_STRING=Internet Explorer, LOGONSERVER=\\LAPTOP-BGB9KQ7P, JAVA_HOME=C:\Program Files\Java\jdk1.8.0_161\bin, PROMPT=$P$G, SESSIONNAME=Console, ALLUSERSPROFILE=C:\ProgramData, PROGRAMFILES(X86)=C:\Program Files (x86), PROCESSOR_ARCHITECTURE=AMD64, GOOGLE_DEFAULT_CLIENT_SECRET=no, PROGRAMFILES=C:\Program Files, =C:=C:\, APPDATA=C:\Users\yogender\AppData\Roaming, PSMODULEPATH=%ProgramFiles%\WindowsPowerShell\Modules;C:\WINDOWS\system32\WindowsPowerShell\v1.0\Modules, PROGRAMW6432=C:\Program Files, PROGRAMDATA=C:\ProgramData, SYSTEMROOT=C:\WINDOWS, USERNAME=yogender, GOOGLE_API_KEY=no, FPS_BROWSER_USER_PROFILE_STRING=Default, ONEDRIVE=C:\Users\yogender\OneDrive, CONFIGSETROOT=C:\WINDOWS\ConfigSetRoot, PATHEXT=.COM;.EXE;.BAT;.CMD;.VBS;.VBE;.JS;.JSE;.WSF;.WSH;.MSC, OS=Windows_NT, COMMONPROGRAMW6432=C:\Program Files\Common Files, COMPUTERNAME=LAPTOP-BGB9KQ7P, COMMONPROGRAMFILES=C:\Program Files\Common Files, COMSPEC=C:\WINDOWS\system32\cmd.exe, PROCESSOR_REVISION=8e09, WINDIR=C:\WINDOWS, =F:=F:\Workstation\backend, HOMEPATH=\Users\yogender, TEMP=C:\Users\yogender\AppData\Local\Temp, HOMEDRIVE=C:, PROCESSOR_IDENTIFIER=Intel64 Family 6 Model 142 Stepping 9, GenuineIntel, USERPROFILE=C:\Users\yogender, TMP=C:\Users\yogender\AppData\Local\Temp, PUBLIC=C:\Users\Public, NUMBER_OF_PROCESSORS=4, =::=::\}}]
22:30:03.001 [main] DEBUG org.springframework.context.annotation.ClassPathBeanDefinitionScanner - JSR-330 &apos;javax.inject.Named&apos; annotation found and supported for component scanning
22:30:03.001 [main] DEBUG org.springframework.core.io.support.PathMatchingResourcePatternResolver - Resolved classpath location [com/project/] to resources [URL [file:/F:/Workstation/backend/target/test-classes/com/project/], URL [file:/F:/Workstation/backend/target/classes/com/project/]]
22:30:03.001 [main] DEBUG org.springframework.core.io.support.PathMatchingResourcePatternResolver - Looking for matching resources in directory tree [F:\Workstation\backend\target\test-classes\com\project]
22:30:03.001 [main] DEBUG org.springframework.core.io.support.PathMatchingResourcePatternResolver - Searching directory [F:\Workstation\backend\target\test-classes\com\project] for files matching pattern [F:/Workstation/backend/target/test-classes/com/project/**/*.class]
22:30:03.017 [main] DEBUG org.springframework.core.io.support.PathMatchingResourcePatternResolver - Searching directory [F:\Workstation\backend\target\test-classes\com\project\backend] for files matching pattern [F:/Workstation/backend/target/test-classes/com/project/**/*.class]
22:30:03.019 [main] DEBUG org.springframework.core.io.support.PathMatchingResourcePatternResolver - Looking for matching resources in directory tree [F:\Workstation\backend\target\classes\com\project]
22:30:03.019 [main] DEBUG org.springframework.core.io.support.PathMatchingResourcePatternResolver - Searching directory [F:\Workstation\backend\target\classes\com\project] for files matching pattern [F:/Workstation/backend/target/classes/com/project/**/*.class]
22:30:03.019 [main] DEBUG org.springframework.core.io.support.PathMatchingResourcePatternResolver - Searching directory [F:\Workstation\backend\target\classes\com\project\backend] for files matching pattern [F:/Workstation/backend/target/classes/com/project/**/*.class]
22:30:03.019 [main] DEBUG org.springframework.core.io.support.PathMatchingResourcePatternResolver - Searching directory [F:\Workstation\backend\target\classes\com\project\backend\config] for files matching pattern [F:/Workstation/backend/target/classes/com/project/**/*.class]
22:30:03.019 [main] DEBUG org.springframework.core.io.support.PathMatchingResourcePatternResolver - Searching directory [F:\Workstation\backend\target\classes\com\project\backend\DAO] for files matching pattern [F:/Workstation/backend/target/classes/com/project/**/*.class]
22:30:03.019 [main] DEBUG org.springframework.core.io.support.PathMatchingResourcePatternResolver - Searching directory [F:\Workstation\backend\target\classes\com\project\backend\daoimpl] for files matching pattern [F:/Workstation/backend/target/classes/com/project/**/*.class]
22:30:03.019 [main] DEBUG org.springframework.core.io.support.PathMatchingResourcePatternResolver - Searching directory [F:\Workstation\backend\target\classes\com\project\backend\domain] for files matching pattern [F:/Workstation/backend/target/classes/com/project/**/*.class]
22:30:03.019 [main] DEBUG org.springframework.core.io.support.PathMatchingResourcePatternResolver - Resolved location pattern [classpath*:com/project/**/*.class] to resources [file [F:\Workstation\backend\target\test-classes\com\project\backend\CategoryTestCase.class], file [F:\Workstation\backend\target\test-classes\com\project\backend\ProductTestCase.class], file [F:\Workstation\backend\target\test-classes\com\project\backend\SupplierTestCase.class], file [F:\Workstation\backend\target\test-classes\com\project\backend\TestConfiguration.class], file [F:\Workstation\backend\target\test-classes\com\project\backend\UserDAOTestCase.class], file [F:\Workstation\backend\target\classes\com\project\backend\config\ApplicationContextConfig.class], file [F:\Workstation\backend\target\classes\com\project\backend\DAO\CategoryDAO.class], file [F:\Workstation\backend\target\classes\com\project\backend\DAO\ProductDAO.class], file [F:\Workstation\backend\target\classes\com\project\backend\DAO\SupplierDAO.class], file [F:\Workstation\backend\target\classes\com\project\backend\DAO\UserDAO.class], file [F:\Workstation\backend\target\classes\com\project\backend\daoimpl\CategoryDAOIMPL.class], file [F:\Workstation\backend\target\classes\com\project\backend\daoimpl\ProductDAOIMPL.class], file [F:\Workstation\backend\target\classes\com\project\backend\daoimpl\SupplierDAOIMPL.class], file [F:\Workstation\backend\target\classes\com\project\backend\daoimpl\UserDAOIMPL.class], file [F:\Workstation\backend\target\classes\com\project\backend\domain\Category.class], file [F:\Workstation\backend\target\classes\com\project\backend\domain\Product.class], file [F:\Workstation\backend\target\classes\com\project\backend\domain\Supplier.class], file [F:\Workstation\backend\target\classes\com\project\backend\domain\User.class]]
22:30:03.070 [main] DEBUG org.springframework.context.annotation.ClassPathBeanDefinitionScanner - Identified candidate component class: file [F:\Workstation\backend\target\classes\com\project\backend\config\ApplicationContextConfig.class]
22:30:03.085 [main] DEBUG org.springframework.context.annotation.ClassPathBeanDefinitionScanner - Identified candidate component class: file [F:\Workstation\backend\target\classes\com\project\backend\daoimpl\CategoryDAOIMPL.class]
22:30:03.085 [main] DEBUG org.springframework.context.annotation.ClassPathBeanDefinitionScanner - Identified candidate component class: file [F:\Workstation\backend\target\classes\com\project\backend\daoimpl\ProductDAOIMPL.class]
22:30:03.085 [main] DEBUG org.springframework.context.annotation.ClassPathBeanDefinitionScanner - Identified candidate component class: file [F:\Workstation\backend\target\classes\com\project\backend\daoimpl\SupplierDAOIMPL.class]
22:30:03.085 [main] DEBUG org.springframework.context.annotation.ClassPathBeanDefinitionScanner - Identified candidate component class: file [F:\Workstation\backend\target\classes\com\project\backend\daoimpl\UserDAOIMPL.class]
22:30:03.085 [main] DEBUG org.springframework.context.annotation.ClassPathBeanDefinitionScanner - Identified candidate component class: file [F:\Workstation\backend\target\classes\com\project\backend\domain\Category.class]
22:30:03.101 [main] DEBUG org.springframework.context.annotation.ClassPathBeanDefinitionScanner - Identified candidate component class: file [F:\Workstation\backend\target\classes\com\project\backend\domain\Product.class]
22:30:03.101 [main] DEBUG org.springframework.context.annotation.ClassPathBeanDefinitionScanner - Identified candidate component class: file [F:\Workstation\backend\target\classes\com\project\backend\domain\Supplier.class]
22:30:03.101 [main] DEBUG org.springframework.context.annotation.ClassPathBeanDefinitionScanner - Identified candidate component class: file [F:\Workstation\backend\target\classes\com\project\backend\domain\User.class]
22:30:03.101 [main] INFO org.springframework.context.annotation.AnnotationConfigApplicationContext - Refreshing org.springframework.context.annotation.AnnotationConfigApplicationContext@668bc3d5: startup date [Thu Mar 29 22:30:03 IST 2018]; root of context hierarchy
22:30:03.101 [main] DEBUG org.springframework.context.annotation.AnnotationConfigApplicationContext - Bean factory for org.springframework.context.annotation.AnnotationConfigApplicationContext@668bc3d5: org.springframework.beans.factory.support.DefaultListableBeanFactory@3ecd23d9: defining beans [org.springframework.context.annotation.internalConfigurationAnnotationProcessor,org.springframework.context.annotation.internalAutowiredAnnotationProcessor,org.springframework.context.annotation.internalRequiredAnnotationProcessor,org.springframework.context.annotation.internalCommonAnnotationProcessor,org.springframework.context.annotation.internalPersistenceAnnotationProcessor,org.springframework.context.event.internalEventListenerProcessor,org.springframework.context.event.internalEventListenerFactory,applicationContextConfig,categoryDAO,productDAO,supplierDAO,userDAO,category,product,supplier,user]; root of factory hierarchy
22:30:03.132 [main] DEBUG org.springframework.beans.factory.support.DefaultListableBeanFactory - Creating shared instance of singleton bean &apos;org.springframework.context.annotation.internalConfigurationAnnotationProcessor&apos;
22:30:03.132 [main] DEBUG org.springframework.beans.factory.support.DefaultListableBeanFactory - Creating instance of bean &apos;org.springframework.context.annotation.internalConfigurationAnnotationProcessor&apos;
22:30:03.154 [main] DEBUG org.springframework.beans.factory.support.DefaultListableBeanFactory - Eagerly caching bean &apos;org.springframework.context.annotation.internalConfigurationAnnotationProcessor&apos; to allow for resolving potential circular references
22:30:03.154 [main] DEBUG org.springframework.beans.factory.support.DefaultListableBeanFactory - Finished creating instance of bean &apos;org.springframework.context.annotation.internalConfigurationAnnotationProcessor&apos;
22:30:03.185 [main] DEBUG org.springframework.context.annotation.ClassPathBeanDefinitionScanner - JSR-330 &apos;javax.inject.Named&apos; annotation found and supported for component scanning
22:30:03.185 [main] DEBUG org.springframework.core.io.support.PathMatchingResourcePatternResolver - Resolved classpath location [com/project/] to resources [URL [file:/F:/Workstation/backend/target/test-classes/com/project/], URL [file:/F:/Workstation/backend/target/classes/com/project/]]
22:30:03.185 [main] DEBUG org.springframework.core.io.support.PathMatchingResourcePatternResolver - Looking for matching resources in directory tree [F:\Workstation\backend\target\test-classes\com\project]
22:30:03.185 [main] DEBUG org.springframework.core.io.support.PathMatchingResourcePatternResolver - Searching directory [F:\Workstation\backend\target\test-classes\com\project] for files matching pattern [F:/Workstation/backend/target/test-classes/com/project/**/*.class]
22:30:03.185 [main] DEBUG org.springframework.core.io.support.PathMatchingResourcePatternResolver - Searching directory [F:\Workstation\backend\target\test-classes\com\project\backend] for files matching pattern [F:/Workstation/backend/target/test-classes/com/project/**/*.class]
22:30:03.185 [main] DEBUG org.springframework.core.io.support.PathMatchingResourcePatternResolver - Looking for matching resources in directory tree [F:\Workstation\backend\target\classes\com\project]
22:30:03.185 [main] DEBUG org.springframework.core.io.support.PathMatchingResourcePatternResolver - Searching directory [F:\Workstation\backend\target\classes\com\project] for files matching pattern [F:/Workstation/backend/target/classes/com/project/**/*.class]
22:30:03.185 [main] DEBUG org.springframework.core.io.support.PathMatchingResourcePatternResolver - Searching directory [F:\Workstation\backend\target\classes\com\project\backend] for files matching pattern [F:/Workstation/backend/target/classes/com/project/**/*.class]
22:30:03.185 [main] DEBUG org.springframework.core.io.support.PathMatchingResourcePatternResolver - Searching directory [F:\Workstation\backend\target\classes\com\project\backend\config] for files matching pattern [F:/Workstation/backend/target/classes/com/project/**/*.class]
22:30:03.185 [main] DEBUG org.springframework.core.io.support.PathMatchingResourcePatternResolver - Searching directory [F:\Workstation\backend\target\classes\com\project\backend\DAO] for files matching pattern [F:/Workstation/backend/target/classes/com/project/**/*.class]
22:30:03.185 [main] DEBUG org.springframework.core.io.support.PathMatchingResourcePatternResolver - Searching directory [F:\Workstation\backend\target\classes\com\project\backend\daoimpl] for files matching pattern [F:/Workstation/backend/target/classes/com/project/**/*.class]
22:30:03.185 [main] DEBUG org.springframework.core.io.support.PathMatchingResourcePatternResolver - Searching directory [F:\Workstation\backend\target\classes\com\project\backend\domain] for files matching pattern [F:/Workstation/backend/target/classes/com/project/**/*.class]
22:30:03.185 [main] DEBUG org.springframework.core.io.support.PathMatchingResourcePatternResolver - Resolved location pattern [classpath*:com/project/**/*.class] to resources [file [F:\Workstation\backend\target\test-classes\com\project\backend\CategoryTestCase.class], file [F:\Workstation\backend\target\test-classes\com\project\backend\ProductTestCase.class], file [F:\Workstation\backend\target\test-classes\com\project\backend\SupplierTestCase.class], file [F:\Workstation\backend\target\test-classes\com\project\backend\TestConfiguration.class], file [F:\Workstation\backend\target\test-classes\com\project\backend\UserDAOTestCase.class], file [F:\Workstation\backend\target\classes\com\project\backend\config\ApplicationContextConfig.class], file [F:\Workstation\backend\target\classes\com\project\backend\DAO\CategoryDAO.class], file [F:\Workstation\backend\target\classes\com\project\backend\DAO\ProductDAO.class], file [F:\Workstation\backend\target\classes\com\project\backend\DAO\SupplierDAO.class], file [F:\Workstation\backend\target\classes\com\project\backend\DAO\UserDAO.class], file [F:\Workstation\backend\target\classes\com\project\backend\daoimpl\CategoryDAOIMPL.class], file [F:\Workstation\backend\target\classes\com\project\backend\daoimpl\ProductDAOIMPL.class], file [F:\Workstation\backend\target\classes\com\project\backend\daoimpl\SupplierDAOIMPL.class], file [F:\Workstation\backend\target\classes\com\project\backend\daoimpl\UserDAOIMPL.class], file [F:\Workstation\backend\target\classes\com\project\backend\domain\Category.class], file [F:\Workstation\backend\target\classes\com\project\backend\domain\Product.class], file [F:\Workstation\backend\target\classes\com\project\backend\domain\Supplier.class], file [F:\Workstation\backend\target\classes\com\project\backend\domain\User.class]]
22:30:03.185 [main] DEBUG org.springframework.context.annotation.ClassPathBeanDefinitionScanner - Identified candidate component class: file [F:\Workstation\backend\target\classes\com\project\backend\daoimpl\CategoryDAOIMPL.class]
22:30:03.185 [main] DEBUG org.springframework.context.annotation.ClassPathBeanDefinitionScanner - Identified candidate component class: file [F:\Workstation\backend\target\classes\com\project\backend\daoimpl\ProductDAOIMPL.class]
22:30:03.185 [main] DEBUG org.springframework.context.annotation.ClassPathBeanDefinitionScanner - Identified candidate component class: file [F:\Workstation\backend\target\classes\com\project\backend\daoimpl\SupplierDAOIMPL.class]
22:30:03.185 [main] DEBUG org.springframework.context.annotation.ClassPathBeanDefinitionScanner - Identified candidate component class: file [F:\Workstation\backend\target\classes\com\project\backend\daoimpl\UserDAOIMPL.class]
22:30:03.185 [main] DEBUG org.springframework.context.annotation.ClassPathBeanDefinitionScanner - Identified candidate component class: file [F:\Workstation\backend\target\classes\com\project\backend\domain\Category.class]
22:30:03.185 [main] DEBUG org.springframework.context.annotation.ClassPathBeanDefinitionScanner - Identified candidate component class: file [F:\Workstation\backend\target\classes\com\project\backend\domain\Product.class]
22:30:03.185 [main] DEBUG org.springframework.context.annotation.ClassPathBeanDefinitionScanner - Identified candidate component class: file [F:\Workstation\backend\target\classes\com\project\backend\domain\Supplier.class]
22:30:03.185 [main] DEBUG org.springframework.context.annotation.ClassPathBeanDefinitionScanner - Identified candidate component class: file [F:\Workstation\backend\target\classes\com\project\backend\domain\User.class]
22:30:03.254 [main] DEBUG org.springframework.context.annotation.ConfigurationClassBeanDefinitionReader - Registered bean definition for imported class &apos;org.springframework.transaction.annotation.ProxyTransactionManagementConfiguration&apos;
22:30:03.254 [main] DEBUG org.springframework.context.annotation.ConfigurationClassBeanDefinitionReader - Registering bean definition for @Bean method org.springframework.transaction.annotation.ProxyTransactionManagementConfiguration.org.springframework.transaction.config.internalTransactionAdvisor()
22:30:03.254 [main] DEBUG org.springframework.context.annotation.ConfigurationClassBeanDefinitionReader - Registering bean definition for @Bean method org.springframework.transaction.annotation.ProxyTransactionManagementConfiguration.transactionAttributeSource()
22:30:03.254 [main] DEBUG org.springframework.context.annotation.ConfigurationClassBeanDefinitionReader - Registering bean definition for @Bean method org.springframework.transaction.annotation.ProxyTransactionManagementConfiguration.transactionInterceptor()
22:30:03.254 [main] DEBUG org.springframework.context.annotation.ConfigurationClassBeanDefinitionReader - Registering bean definition for @Bean method org.springframework.transaction.annotation.ProxyTransactionManagementConfiguration.org.springframework.transaction.config.internalTransactionalEventListenerFactory()
22:30:03.254 [main] DEBUG org.springframework.context.annotation.ConfigurationClassBeanDefinitionReader - Registering bean definition for @Bean method com.project.backend.config.ApplicationContextConfig.dataSource()
22:30:03.254 [main] DEBUG org.springframework.context.annotation.ConfigurationClassBeanDefinitionReader - Registering bean definition for @Bean method com.project.backend.config.ApplicationContextConfig.sessionFactory()
22:30:03.254 [main] DEBUG org.springframework.context.annotation.ConfigurationClassBeanDefinitionReader - Registering bean definition for @Bean method com.project.backend.config.ApplicationContextConfig.transactionManager()
22:30:03.386 [main] DEBUG org.springframework.context.annotation.ConfigurationClassEnhancer - Successfully enhanced com.project.backend.config.ApplicationContextConfig; enhanced class name is: com.project.backend.config.ApplicationContextConfig$$EnhancerBySpringCGLIB$$9d35eb22
22:30:03.386 [main] DEBUG org.springframework.context.annotation.ConfigurationClassPostProcessor - Replacing bean definition &apos;applicationContextConfig&apos; existing class &apos;com.project.backend.config.ApplicationContextConfig&apos; with enhanced class &apos;com.project.backend.config.ApplicationContextConfig$$EnhancerBySpringCGLIB$$9d35eb22&apos;
22:30:03.402 [main] DEBUG org.springframework.context.annotation.ConfigurationClassEnhancer - Successfully enhanced org.springframework.transaction.annotation.ProxyTransactionManagementConfiguration; enhanced class name is: org.springframework.transaction.annotation.ProxyTransactionManagementConfiguration$$EnhancerBySpringCGLIB$$7930e68c
22:30:03.402 [main] DEBUG org.springframework.context.annotation.ConfigurationClassPostProcessor - Replacing bean definition &apos;org.springframework.transaction.annotation.ProxyTransactionManagementConfiguration&apos; existing class &apos;org.springframework.transaction.annotation.ProxyTransactionManagementConfiguration&apos; with enhanced class &apos;org.springframework.transaction.annotation.ProxyTransactionManagementConfiguration$$EnhancerBySpringCGLIB$$7930e68c&apos;
22:30:03.402 [main] DEBUG org.springframework.beans.factory.support.DefaultListableBeanFactory - Creating shared instance of singleton bean &apos;org.springframework.context.annotation.internalAutowiredAnnotationProcessor&apos;
22:30:03.402 [main] DEBUG org.springframework.beans.factory.support.DefaultListableBeanFactory - Creating instance of bean &apos;org.springframework.context.annotation.internalAutowiredAnnotationProcessor&apos;
22:30:03.402 [main] INFO org.springframework.beans.factory.annotation.AutowiredAnnotationBeanPostProcessor - JSR-330 &apos;javax.inject.Inject&apos; annotation found and supported for autowiring
22:30:03.402 [main] DEBUG org.springframework.beans.factory.support.DefaultListableBeanFactory - Eagerly caching bean &apos;org.springframework.context.annotation.internalAutowiredAnnotationProcessor&apos; to allow for resolving potential circular references
22:30:03.417 [main] DEBUG org.springframework.beans.factory.support.DefaultListableBeanFactory - Finished creating instance of bean &apos;org.springframework.context.annotation.internalAutowiredAnnotationProcessor&apos;
22:30:03.417 [main] DEBUG org.springframework.beans.factory.support.DefaultListableBeanFactory - Creating shared instance of singleton bean &apos;org.springframework.context.annotation.internalRequiredAnnotationProcessor&apos;
22:30:03.417 [main] DEBUG org.springframework.beans.factory.support.DefaultListableBeanFactory - Creating instance of bean &apos;org.springframework.context.annotation.internalRequiredAnnotationProcessor&apos;
22:30:03.417 [main] DEBUG org.springframework.beans.factory.support.DefaultListableBeanFactory - Eagerly caching bean &apos;org.springframework.context.annotation.internalRequiredAnnotationProcessor&apos; to allow for resolving potential circular references
22:30:03.433 [main] DEBUG org.springframework.beans.factory.support.DefaultListableBeanFactory - Finished creating instance of bean &apos;org.springframework.context.annotation.internalRequiredAnnotationProcessor&apos;
22:30:03.433 [main] DEBUG org.springframework.beans.factory.support.DefaultListableBeanFactory - Creating shared instance of singleton bean &apos;org.springframework.context.annotation.internalCommonAnnotationProcessor&apos;
22:30:03.433 [main] DEBUG org.springframework.beans.factory.support.DefaultListableBeanFactory - Creating instance of bean &apos;org.springframework.context.annotation.internalCommonAnnotationProcessor&apos;
22:30:03.433 [main] DEBUG org.springframework.beans.factory.support.DefaultListableBeanFactory - Eagerly caching bean &apos;org.springframework.context.annotation.internalCommonAnnotationProcessor&apos; to allow for resolving potential circular references
22:30:03.433 [main] DEBUG org.springframework.beans.factory.support.DefaultListableBeanFactory - Finished creating instance of bean &apos;org.springframework.context.annotation.internalCommonAnnotationProcessor&apos;
22:30:03.433 [main] DEBUG org.springframework.beans.factory.support.DefaultListableBeanFactory - Creating shared instance of singleton bean &apos;org.springframework.context.annotation.internalPersistenceAnnotationProcessor&apos;
22:30:03.433 [main] DEBUG org.springframework.beans.factory.support.DefaultListableBeanFactory - Creating instance of bean &apos;org.springframework.context.annotation.internalPersistenceAnnotationProcessor&apos;
22:30:03.433 [main] DEBUG org.springframework.beans.factory.support.DefaultListableBeanFactory - Eagerly caching bean &apos;org.springframework.context.annotation.internalPersistenceAnnotationProcessor&apos; to allow for resolving potential circular references
22:30:03.451 [main] DEBUG org.springframework.beans.factory.support.DefaultListableBeanFactory - Finished creating instance of bean &apos;org.springframework.context.annotation.internalPersistenceAnnotationProcessor&apos;
22:30:03.451 [main] DEBUG org.springframework.beans.factory.support.DefaultListableBeanFactory - Creating shared instance of singleton bean &apos;org.springframework.aop.config.internalAutoProxyCreator&apos;
22:30:03.451 [main] DEBUG org.springframework.beans.factory.support.DefaultListableBeanFactory - Creating instance of bean &apos;org.springframework.aop.config.internalAutoProxyCreator&apos;
22:30:03.474 [main] DEBUG org.springframework.beans.factory.support.DefaultListableBeanFactory - Eagerly caching bean &apos;org.springframework.aop.config.internalAutoProxyCreator&apos; to allow for resolving potential circular references
22:30:03.500 [main] DEBUG org.springframework.beans.factory.support.DefaultListableBeanFactory - Finished creating instance of bean &apos;org.springframework.aop.config.internalAutoProxyCreator&apos;
22:30:03.500 [main] DEBUG org.springframework.context.annotation.AnnotationConfigApplicationContext - Unable to locate MessageSource with name &apos;messageSource&apos;: using default [org.springframework.context.support.DelegatingMessageSource@3e694b3f]
22:30:03.500 [main] DEBUG org.springframework.context.annotation.AnnotationConfigApplicationContext - Unable to locate ApplicationEventMulticaster with name &apos;applicationEventMulticaster&apos;: using default [org.springframework.context.event.SimpleApplicationEventMulticaster@5fe94a96]
22:30:03.500 [main] DEBUG org.springframework.beans.factory.support.DefaultListableBeanFactory - Pre-instantiating singletons in org.springframework.beans.factory.support.DefaultListableBeanFactory@3ecd23d9: defining beans [org.springframework.context.annotation.internalConfigurationAnnotationProcessor,org.springframework.context.annotation.internalAutowiredAnnotationProcessor,org.springframework.context.annotation.internalRequiredAnnotationProcessor,org.springframework.context.annotation.internalCommonAnnotationProcessor,org.springframework.context.annotation.internalPersistenceAnnotationProcessor,org.springframework.context.event.internalEventListenerProcessor,org.springframework.context.event.internalEventListenerFactory,applicationContextConfig,categoryDAO,productDAO,supplierDAO,userDAO,category,product,supplier,user,org.springframework.transaction.annotation.ProxyTransactionManagementConfiguration,org.springframework.transaction.config.internalTransactionAdvisor,transactionAttributeSource,transactionInterceptor,org.springframework.transaction.config.internalTransactionalEventListenerFactory,dataSource,sessionFactory,transactionManager,org.springframework.aop.config.internalAutoProxyCreator]; root of factory hierarchy
22:30:03.500 [main] DEBUG org.springframework.beans.factory.support.DefaultListableBeanFactory - Returning cached instance of singleton bean &apos;org.springframework.context.annotation.internalConfigurationAnnotationProcessor&apos;
22:30:03.500 [main] DEBUG org.springframework.beans.factory.support.DefaultListableBeanFactory - Returning cached instance of singleton bean &apos;org.springframework.context.annotation.internalAutowiredAnnotationProcessor&apos;
22:30:03.500 [main] DEBUG org.springframework.beans.factory.support.DefaultListableBeanFactory - Returning cached instance of singleton bean &apos;org.springframework.context.annotation.internalRequiredAnnotationProcessor&apos;
22:30:03.500 [main] DEBUG org.springframework.beans.factory.support.DefaultListableBeanFactory - Returning cached instance of singleton bean &apos;org.springframework.context.annotation.internalCommonAnnotationProcessor&apos;
22:30:03.500 [main] DEBUG org.springframework.beans.factory.support.DefaultListableBeanFactory - Returning cached instance of singleton bean &apos;org.springframework.context.annotation.internalPersistenceAnnotationProcessor&apos;
22:30:03.500 [main] DEBUG org.springframework.beans.factory.support.DefaultListableBeanFactory - Creating shared instance of singleton bean &apos;org.springframework.context.event.internalEventListenerProcessor&apos;
22:30:03.500 [main] DEBUG org.springframework.beans.factory.support.DefaultListableBeanFactory - Creating instance of bean &apos;org.springframework.context.event.internalEventListenerProcessor&apos;
22:30:03.500 [main] DEBUG org.springframework.beans.factory.support.DefaultListableBeanFactory - Eagerly caching bean &apos;org.springframework.context.event.internalEventListenerProcessor&apos; to allow for resolving potential circular references
22:30:03.515 [main] DEBUG org.springframework.beans.factory.support.DefaultListableBeanFactory - Creating shared instance of singleton bean &apos;org.springframework.transaction.config.internalTransactionAdvisor&apos;
22:30:03.515 [main] DEBUG org.springframework.beans.factory.support.DefaultListableBeanFactory - Creating instance of bean &apos;org.springframework.transaction.config.internalTransactionAdvisor&apos;
22:30:03.515 [main] DEBUG org.springframework.beans.factory.support.DefaultListableBeanFactory - Creating shared instance of singleton bean &apos;org.springframework.transaction.annotation.ProxyTransactionManagementConfiguration&apos;
22:30:03.515 [main] DEBUG org.springframework.beans.factory.support.DefaultListableBeanFactory - Creating instance of bean &apos;org.springframework.transaction.annotation.ProxyTransactionManagementConfiguration&apos;
22:30:03.531 [main] DEBUG org.springframework.beans.factory.annotation.InjectionMetadata - Registered injected element on class [org.springframework.transaction.annotation.ProxyTransactionManagementConfiguration$$EnhancerBySpringCGLIB$$7930e68c]: AutowiredMethodElement for void org.springframework.transaction.annotation.AbstractTransactionManagementConfiguration.setConfigurers(java.util.Collection)
22:30:03.531 [main] DEBUG org.springframework.beans.factory.support.DefaultListableBeanFactory - Eagerly caching bean &apos;org.springframework.transaction.annotation.ProxyTransactionManagementConfiguration&apos; to allow for resolving potential circular references
22:30:03.531 [main] DEBUG org.springframework.beans.factory.annotation.InjectionMetadata - Processing injected element of bean &apos;org.springframework.transaction.annotation.ProxyTransactionManagementConfiguration&apos;: AutowiredMethodElement for void org.springframework.transaction.annotation.AbstractTransactionManagementConfiguration.setConfigurers(java.util.Collection)
22:30:03.555 [main] DEBUG org.springframework.beans.factory.support.DefaultListableBeanFactory - Returning cached instance of singleton bean &apos;org.springframework.context.annotation.ConfigurationClassPostProcessor.importRegistry&apos;
22:30:03.555 [main] DEBUG org.springframework.aop.framework.autoproxy.BeanFactoryAdvisorRetrievalHelper - Skipping currently created advisor &apos;org.springframework.transaction.config.internalTransactionAdvisor&apos;
22:30:03.555 [main] DEBUG org.springframework.beans.factory.support.DefaultListableBeanFactory - Finished creating instance of bean &apos;org.springframework.transaction.annotation.ProxyTransactionManagementConfiguration&apos;
22:30:03.586 [main] DEBUG org.springframework.beans.factory.support.DefaultListableBeanFactory - Creating shared instance of singleton bean &apos;transactionAttributeSource&apos;
22:30:03.586 [main] DEBUG org.springframework.beans.factory.support.DefaultListableBeanFactory - Creating instance of bean &apos;transactionAttributeSource&apos;
22:30:03.586 [main] DEBUG org.springframework.beans.factory.support.DefaultListableBeanFactory - Returning cached instance of singleton bean &apos;org.springframework.transaction.annotation.ProxyTransactionManagementConfiguration&apos;
22:30:03.602 [main] DEBUG org.springframework.beans.factory.support.DefaultListableBeanFactory - Eagerly caching bean &apos;transactionAttributeSource&apos; to allow for resolving potential circular references
22:30:03.602 [main] DEBUG org.springframework.aop.framework.autoproxy.BeanFactoryAdvisorRetrievalHelper - Skipping currently created advisor &apos;org.springframework.transaction.config.internalTransactionAdvisor&apos;
22:30:03.602 [main] DEBUG org.springframework.beans.factory.support.DefaultListableBeanFactory - Finished creating instance of bean &apos;transactionAttributeSource&apos;
22:30:03.602 [main] DEBUG org.springframework.beans.factory.support.DefaultListableBeanFactory - Creating shared instance of singleton bean &apos;transactionInterceptor&apos;
22:30:03.602 [main] DEBUG org.springframework.beans.factory.support.DefaultListableBeanFactory - Creating instance of bean &apos;transactionInterceptor&apos;
22:30:03.602 [main] DEBUG org.springframework.beans.factory.support.DefaultListableBeanFactory - Returning cached instance of singleton bean &apos;org.springframework.transaction.annotation.ProxyTransactionManagementConfiguration&apos;
22:30:03.602 [main] DEBUG org.springframework.beans.factory.support.DefaultListableBeanFactory - Returning cached instance of singleton bean &apos;transactionAttributeSource&apos;
22:30:03.633 [main] DEBUG org.springframework.beans.factory.support.DefaultListableBeanFactory - Eagerly caching bean &apos;transactionInterceptor&apos; to allow for resolving potential circular references
22:30:03.655 [main] DEBUG org.springframework.beans.factory.support.DefaultListableBeanFactory - Invoking afterPropertiesSet() on bean with name &apos;transactionInterceptor&apos;
22:30:03.655 [main] DEBUG org.springframework.beans.factory.support.DefaultListableBeanFactory - Finished creating instance of bean &apos;transactionInterceptor&apos;
22:30:03.655 [main] DEBUG org.springframework.beans.factory.support.DefaultListableBeanFactory - Eagerly caching bean &apos;org.springframework.transaction.config.internalTransactionAdvisor&apos; to allow for resolving potential circular references
22:30:03.655 [main] DEBUG org.springframework.beans.factory.support.DefaultListableBeanFactory - Finished creating instance of bean &apos;org.springframework.transaction.config.internalTransactionAdvisor&apos;
22:30:03.655 [main] DEBUG org.springframework.beans.factory.support.DefaultListableBeanFactory - Finished creating instance of bean &apos;org.springframework.context.event.internalEventListenerProcessor&apos;
22:30:03.655 [main] DEBUG org.springframework.beans.factory.support.DefaultListableBeanFactory - Creating shared instance of singleton bean &apos;org.springframework.context.event.internalEventListenerFactory&apos;
22:30:03.655 [main] DEBUG org.springframework.beans.factory.support.DefaultListableBeanFactory - Creating instance of bean &apos;org.springframework.context.event.internalEventListenerFactory&apos;
22:30:03.655 [main] DEBUG org.springframework.beans.factory.support.DefaultListableBeanFactory - Eagerly caching bean &apos;org.springframework.context.event.internalEventListenerFactory&apos; to allow for resolving potential circular references
22:30:03.671 [main] DEBUG org.springframework.beans.factory.support.DefaultListableBeanFactory - Returning cached instance of singleton bean &apos;org.springframework.transaction.config.internalTransactionAdvisor&apos;
22:30:03.671 [main] DEBUG org.springframework.beans.factory.support.DefaultListableBeanFactory - Finished creating instance of bean &apos;org.springframework.context.event.internalEventListenerFactory&apos;
22:30:03.671 [main] DEBUG org.springframework.beans.factory.support.DefaultListableBeanFactory - Creating shared instance of singleton bean &apos;applicationContextConfig&apos;
22:30:03.671 [main] DEBUG org.springframework.beans.factory.support.DefaultListableBeanFactory - Creating instance of bean &apos;applicationContextConfig&apos;
22:30:03.671 [main] DEBUG org.springframework.beans.factory.support.DefaultListableBeanFactory - Eagerly caching bean &apos;applicationContextConfig&apos; to allow for resolving potential circular references
22:30:03.671 [main] DEBUG org.springframework.beans.factory.support.DefaultListableBeanFactory - Returning cached instance of singleton bean &apos;org.springframework.transaction.config.internalTransactionAdvisor&apos;
22:30:03.687 [main] DEBUG org.springframework.beans.factory.support.DefaultListableBeanFactory - Finished creating instance of bean &apos;applicationContextConfig&apos;
22:30:03.687 [main] DEBUG org.springframework.beans.factory.support.DefaultListableBeanFactory - Creating shared instance of singleton bean &apos;categoryDAO&apos;
22:30:03.687 [main] DEBUG org.springframework.beans.factory.support.DefaultListableBeanFactory - Creating instance of bean &apos;categoryDAO&apos;
22:30:03.687 [main] DEBUG org.springframework.beans.factory.annotation.InjectionMetadata - Registered injected element on class [com.project.backend.daoimpl.CategoryDAOIMPL]: AutowiredFieldElement for private org.hibernate.SessionFactory com.project.backend.daoimpl.CategoryDAOIMPL.sessionFactory
22:30:03.687 [main] DEBUG org.springframework.beans.factory.annotation.InjectionMetadata - Registered injected element on class [com.project.backend.daoimpl.CategoryDAOIMPL]: AutowiredFieldElement for private com.project.backend.domain.Category com.project.backend.daoimpl.CategoryDAOIMPL.category
22:30:03.687 [main] DEBUG org.springframework.beans.factory.support.DefaultListableBeanFactory - Eagerly caching bean &apos;categoryDAO&apos; to allow for resolving potential circular references
22:30:03.687 [main] DEBUG org.springframework.beans.factory.annotation.InjectionMetadata - Processing injected element of bean &apos;categoryDAO&apos;: AutowiredFieldElement for private org.hibernate.SessionFactory com.project.backend.daoimpl.CategoryDAOIMPL.sessionFactory
22:30:03.687 [main] DEBUG org.springframework.core.annotation.AnnotationUtils - Failed to meta-introspect annotation [interface org.springframework.beans.factory.annotation.Autowired]: java.lang.NullPointerException
22:30:03.687 [main] DEBUG org.springframework.beans.factory.support.DefaultListableBeanFactory - Creating shared instance of singleton bean &apos;sessionFactory&apos;
22:30:03.687 [main] DEBUG org.springframework.beans.factory.support.DefaultListableBeanFactory - Creating instance of bean &apos;sessionFactory&apos;
22:30:03.687 [main] DEBUG org.springframework.beans.factory.support.DefaultListableBeanFactory - Returning cached instance of singleton bean &apos;applicationContextConfig&apos;
22:30:03.687 [main] DEBUG org.springframework.beans.factory.support.DefaultListableBeanFactory - Creating shared instance of singleton bean &apos;dataSource&apos;
22:30:03.687 [main] DEBUG org.springframework.beans.factory.support.DefaultListableBeanFactory - Creating instance of bean &apos;dataSource&apos;
22:30:03.687 [main] DEBUG org.springframework.beans.factory.support.DefaultListableBeanFactory - Returning cached instance of singleton bean &apos;applicationContextConfig&apos;
22:30:03.718 [main] INFO org.springframework.jdbc.datasource.DriverManagerDataSource - Loaded JDBC driver: org.h2.Driver
H2 Connected
22:30:03.718 [main] DEBUG org.springframework.beans.factory.support.DefaultListableBeanFactory - Eagerly caching bean &apos;dataSource&apos; to allow for resolving potential circular references
22:30:03.734 [main] DEBUG org.springframework.beans.factory.support.DefaultListableBeanFactory - Returning cached instance of singleton bean &apos;org.springframework.transaction.config.internalTransactionAdvisor&apos;
22:30:03.734 [main] DEBUG org.springframework.beans.factory.support.DefaultListableBeanFactory - Finished creating instance of bean &apos;dataSource&apos;
22:30:03.734 [main] DEBUG org.springframework.beans.factory.support.DefaultListableBeanFactory - Autowiring by type from bean name &apos;sessionFactory&apos; via factory method to bean named &apos;dataSource&apos;
22:30:03.771 [main] DEBUG org.jboss.logging - Logging Provider: org.jboss.logging.Slf4jLoggerProvider
22:30:03.787 [main] DEBUG org.hibernate.integrator.internal.IntegratorServiceImpl - Adding Integrator [org.hibernate.cfg.beanvalidation.BeanValidationIntegrator].
22:30:03.787 [main] DEBUG org.hibernate.integrator.internal.IntegratorServiceImpl - Adding Integrator [org.hibernate.secure.spi.JaccIntegrator].
22:30:03.787 [main] DEBUG org.hibernate.integrator.internal.IntegratorServiceImpl - Adding Integrator [org.hibernate.cache.internal.CollectionCacheInvalidator].
22:30:03.887 [main] INFO org.hibernate.Version - HHH000412: Hibernate Core {5.0.4.Final}
22:30:03.887 [main] INFO org.hibernate.cfg.Environment - HHH000206: hibernate.properties not found
22:30:03.887 [main] INFO org.hibernate.cfg.Environment - HHH000021: Bytecode provider name : javassist
22:30:03.903 [main] DEBUG org.springframework.core.io.support.PathMatchingResourcePatternResolver - Resolved classpath location [com/project/] to resources [URL [file:/F:/Workstation/backend/target/test-classes/com/project/], URL [file:/F:/Workstation/backend/target/classes/com/project/]]
22:30:03.903 [main] DEBUG org.springframework.core.io.support.PathMatchingResourcePatternResolver - Looking for matching resources in directory tree [F:\Workstation\backend\target\test-classes\com\project]
22:30:03.903 [main] DEBUG org.springframework.core.io.support.PathMatchingResourcePatternResolver - Searching directory [F:\Workstation\backend\target\test-classes\com\project] for files matching pattern [F:/Workstation/backend/target/test-classes/com/project/**/*.class]
22:30:03.903 [main] DEBUG org.springframework.core.io.support.PathMatchingResourcePatternResolver - Searching directory [F:\Workstation\backend\target\test-classes\com\project\backend] for files matching pattern [F:/Workstation/backend/target/test-classes/com/project/**/*.class]
22:30:03.903 [main] DEBUG org.springframework.core.io.support.PathMatchingResourcePatternResolver - Looking for matching resources in directory tree [F:\Workstation\backend\target\classes\com\project]
22:30:03.903 [main] DEBUG org.springframework.core.io.support.PathMatchingResourcePatternResolver - Searching directory [F:\Workstation\backend\target\classes\com\project] for files matching pattern [F:/Workstation/backend/target/classes/com/project/**/*.class]
22:30:03.903 [main] DEBUG org.springframework.core.io.support.PathMatchingResourcePatternResolver - Searching directory [F:\Workstation\backend\target\classes\com\project\backend] for files matching pattern [F:/Workstation/backend/target/classes/com/project/**/*.class]
22:30:03.903 [main] DEBUG org.springframework.core.io.support.PathMatchingResourcePatternResolver - Searching directory [F:\Workstation\backend\target\classes\com\project\backend\config] for files matching pattern [F:/Workstation/backend/target/classes/com/project/**/*.class]
22:30:03.903 [main] DEBUG org.springframework.core.io.support.PathMatchingResourcePatternResolver - Searching directory [F:\Workstation\backend\target\classes\com\project\backend\DAO] for files matching pattern [F:/Workstation/backend/target/classes/com/project/**/*.class]
22:30:03.903 [main] DEBUG org.springframework.core.io.support.PathMatchingResourcePatternResolver - Searching directory [F:\Workstation\backend\target\classes\com\project\backend\daoimpl] for files matching pattern [F:/Workstation/backend/target/classes/com/project/**/*.class]
22:30:03.903 [main] DEBUG org.springframework.core.io.support.PathMatchingResourcePatternResolver - Searching directory [F:\Workstation\backend\target\classes\com\project\backend\domain] for files matching pattern [F:/Workstation/backend/target/classes/com/project/**/*.class]
22:30:03.903 [main] DEBUG org.springframework.core.io.support.PathMatchingResourcePatternResolver - Resolved location pattern [classpath*:com/project/**/*.class] to resources [file [F:\Workstation\backend\target\test-classes\com\project\backend\CategoryTestCase.class], file [F:\Workstation\backend\target\test-classes\com\project\backend\ProductTestCase.class], file [F:\Workstation\backend\target\test-classes\com\project\backend\SupplierTestCase.class], file [F:\Workstation\backend\target\test-classes\com\project\backend\TestConfiguration.class], file [F:\Workstation\backend\target\test-classes\com\project\backend\UserDAOTestCase.class], file [F:\Workstation\backend\target\classes\com\project\backend\config\ApplicationContextConfig.class], file [F:\Workstation\backend\target\classes\com\project\backend\DAO\CategoryDAO.class], file [F:\Workstation\backend\target\classes\com\project\backend\DAO\ProductDAO.class], file [F:\Workstation\backend\target\classes\com\project\backend\DAO\SupplierDAO.class], file [F:\Workstation\backend\target\classes\com\project\backend\DAO\UserDAO.class], file [F:\Workstation\backend\target\classes\com\project\backend\daoimpl\CategoryDAOIMPL.class], file [F:\Workstation\backend\target\classes\com\project\backend\daoimpl\ProductDAOIMPL.class], file [F:\Workstation\backend\target\classes\com\project\backend\daoimpl\SupplierDAOIMPL.class], file [F:\Workstation\backend\target\classes\com\project\backend\daoimpl\UserDAOIMPL.class], file [F:\Workstation\backend\target\classes\com\project\backend\domain\Category.class], file [F:\Workstation\backend\target\classes\com\project\backend\domain\Product.class], file [F:\Workstation\backend\target\classes\com\project\backend\domain\Supplier.class], file [F:\Workstation\backend\target\classes\com\project\backend\domain\User.class]]
22:30:03.919 [main] DEBUG org.hibernate.cfg.Configuration - Building session factory using internal StandardServiceRegistryBuilder
22:30:03.919 [main] DEBUG org.hibernate.service.spi.ServiceBinding - Overriding existing service binding [org.hibernate.secure.spi.JaccService]
22:30:03.919 [main] DEBUG org.hibernate.cfg.Configuration - Building session factory using provided StandardServiceRegistry
22:30:03.934 [main] DEBUG org.hibernate.cache.internal.RegionFactoryInitiator - Cache region factory : org.hibernate.cache.internal.NoCachingRegionFactory
22:30:03.955 [main] INFO org.hibernate.annotations.common.Version - HCANN000001: Hibernate Commons Annotations {5.0.0.Final}
22:30:03.956 [main] DEBUG org.hibernate.type.BasicTypeRegistry - Adding type registration boolean -&gt; org.hibernate.type.BooleanType@41330d4f
22:30:03.956 [main] DEBUG org.hibernate.type.BasicTypeRegistry - Adding type registration boolean -&gt; org.hibernate.type.BooleanType@41330d4f
22:30:03.956 [main] DEBUG org.hibernate.type.BasicTypeRegistry - Adding type registration java.lang.Boolean -&gt; org.hibernate.type.BooleanType@41330d4f
22:30:03.972 [main] DEBUG org.hibernate.type.BasicTypeRegistry - Adding type registration numeric_boolean -&gt; org.hibernate.type.NumericBooleanType@508dec2b
22:30:03.972 [main] DEBUG org.hibernate.type.BasicTypeRegistry - Adding type registration true_false -&gt; org.hibernate.type.TrueFalseType@660acfb
22:30:03.972 [main] DEBUG org.hibernate.type.BasicTypeRegistry - Adding type registration yes_no -&gt; org.hibernate.type.YesNoType@1f9f6368
22:30:03.972 [main] DEBUG org.hibernate.type.BasicTypeRegistry - Adding type registration byte -&gt; org.hibernate.type.ByteType@6f36c2f0
22:30:03.972 [main] DEBUG org.hibernate.type.BasicTypeRegistry - Adding type registration byte -&gt; org.hibernate.type.ByteType@6f36c2f0
22:30:03.972 [main] DEBUG org.hibernate.type.BasicTypeRegistry - Adding type registration java.lang.Byte -&gt; org.hibernate.type.ByteType@6f36c2f0
22:30:03.972 [main] DEBUG org.hibernate.type.BasicTypeRegistry - Adding type registration character -&gt; org.hibernate.type.CharacterType@3b35a229
22:30:03.972 [main] DEBUG org.hibernate.type.BasicTypeRegistry - Adding type registration char -&gt; org.hibernate.type.CharacterType@3b35a229
22:30:03.972 [main] DEBUG org.hibernate.type.BasicTypeRegistry - Adding type registration java.lang.Character -&gt; org.hibernate.type.CharacterType@3b35a229
22:30:03.972 [main] DEBUG org.hibernate.type.BasicTypeRegistry - Adding type registration short -&gt; org.hibernate.type.ShortType@5e3f861
22:30:03.972 [main] DEBUG org.hibernate.type.BasicTypeRegistry - Adding type registration short -&gt; org.hibernate.type.ShortType@5e3f861
22:30:03.972 [main] DEBUG org.hibernate.type.BasicTypeRegistry - Adding type registration java.lang.Short -&gt; org.hibernate.type.ShortType@5e3f861
22:30:03.972 [main] DEBUG org.hibernate.type.BasicTypeRegistry - Adding type registration integer -&gt; org.hibernate.type.IntegerType@6d5620ce
22:30:03.972 [main] DEBUG org.hibernate.type.BasicTypeRegistry - Adding type registration int -&gt; org.hibernate.type.IntegerType@6d5620ce
22:30:03.972 [main] DEBUG org.hibernate.type.BasicTypeRegistry - Adding type registration java.lang.Integer -&gt; org.hibernate.type.IntegerType@6d5620ce
22:30:03.972 [main] DEBUG org.hibernate.type.BasicTypeRegistry - Adding type registration long -&gt; org.hibernate.type.LongType@147e2ae7
22:30:03.972 [main] DEBUG org.hibernate.type.BasicTypeRegistry - Adding type registration long -&gt; org.hibernate.type.LongType@147e2ae7
22:30:03.972 [main] DEBUG org.hibernate.type.BasicTypeRegistry - Adding type registration java.lang.Long -&gt; org.hibernate.type.LongType@147e2ae7
22:30:03.972 [main] DEBUG org.hibernate.type.BasicTypeRegistry - Adding type registration float -&gt; org.hibernate.type.FloatType@3bcd05cb
22:30:03.972 [main] DEBUG org.hibernate.type.BasicTypeRegistry - Adding type registration float -&gt; org.hibernate.type.FloatType@3bcd05cb
22:30:03.972 [main] DEBUG org.hibernate.type.BasicTypeRegistry - Adding type registration java.lang.Float -&gt; org.hibernate.type.FloatType@3bcd05cb
22:30:03.972 [main] DEBUG org.hibernate.type.BasicTypeRegistry - Adding type registration double -&gt; org.hibernate.type.DoubleType@5c86dbc5
22:30:03.972 [main] DEBUG org.hibernate.type.BasicTypeRegistry - Adding type registration double -&gt; org.hibernate.type.DoubleType@5c86dbc5
22:30:03.972 [main] DEBUG org.hibernate.type.BasicTypeRegistry - Adding type registration java.lang.Double -&gt; org.hibernate.type.DoubleType@5c86dbc5
22:30:03.988 [main] DEBUG org.hibernate.type.BasicTypeRegistry - Adding type registration big_decimal -&gt; org.hibernate.type.BigDecimalType@7975d1d8
22:30:03.988 [main] DEBUG org.hibernate.type.BasicTypeRegistry - Adding type registration java.math.BigDecimal -&gt; org.hibernate.type.BigDecimalType@7975d1d8
22:30:03.988 [main] DEBUG org.hibernate.type.BasicTypeRegistry - Adding type registration big_integer -&gt; org.hibernate.type.BigIntegerType@18f8cd79
22:30:03.988 [main] DEBUG org.hibernate.type.BasicTypeRegistry - Adding type registration java.math.BigInteger -&gt; org.hibernate.type.BigIntegerType@18f8cd79
22:30:03.988 [main] DEBUG org.hibernate.type.BasicTypeRegistry - Adding type registration string -&gt; org.hibernate.type.StringType@6cc4cdb9
22:30:03.988 [main] DEBUG org.hibernate.type.BasicTypeRegistry - Adding type registration java.lang.String -&gt; org.hibernate.type.StringType@6cc4cdb9
22:30:03.988 [main] DEBUG org.hibernate.type.BasicTypeRegistry - Adding type registration nstring -&gt; org.hibernate.type.StringNVarcharType@32115b28
22:30:03.988 [main] DEBUG org.hibernate.type.BasicTypeRegistry - Adding type registration ncharacter -&gt; org.hibernate.type.CharacterNCharType@4b8729ff
22:30:03.988 [main] DEBUG org.hibernate.type.BasicTypeRegistry - Adding type registration url -&gt; org.hibernate.type.UrlType@74287ea3
22:30:03.988 [main] DEBUG org.hibernate.type.BasicTypeRegistry - Adding type registration java.net.URL -&gt; org.hibernate.type.UrlType@74287ea3
22:30:03.988 [main] DEBUG org.hibernate.type.BasicTypeRegistry - Adding type registration date -&gt; org.hibernate.type.DateType@2eea88a1
22:30:03.988 [main] DEBUG org.hibernate.type.BasicTypeRegistry - Adding type registration java.sql.Date -&gt; org.hibernate.type.DateType@2eea88a1
22:30:03.988 [main] DEBUG org.hibernate.type.BasicTypeRegistry - Adding type registration time -&gt; org.hibernate.type.TimeType@2c78324b
22:30:03.988 [main] DEBUG org.hibernate.type.BasicTypeRegistry - Adding type registration java.sql.Time -&gt; org.hibernate.type.TimeType@2c78324b
22:30:03.988 [main] DEBUG org.hibernate.type.BasicTypeRegistry - Adding type registration timestamp -&gt; org.hibernate.type.TimestampType@4149c063
22:30:03.988 [main] DEBUG org.hibernate.type.BasicTypeRegistry - Adding type registration java.sql.Timestamp -&gt; org.hibernate.type.TimestampType@4149c063
22:30:03.988 [main] DEBUG org.hibernate.type.BasicTypeRegistry - Adding type registration java.util.Date -&gt; org.hibernate.type.TimestampType@4149c063
22:30:03.988 [main] DEBUG org.hibernate.type.BasicTypeRegistry - Adding type registration dbtimestamp -&gt; org.hibernate.type.DbTimestampType@38af9828
22:30:03.988 [main] DEBUG org.hibernate.type.BasicTypeRegistry - Adding type registration calendar -&gt; org.hibernate.type.CalendarType@34129c78
22:30:04.003 [main] DEBUG org.hibernate.type.BasicTypeRegistry - Adding type registration java.util.Calendar -&gt; org.hibernate.type.CalendarType@34129c78
22:30:04.003 [main] DEBUG org.hibernate.type.BasicTypeRegistry - Adding type registration java.util.GregorianCalendar -&gt; org.hibernate.type.CalendarType@34129c78
22:30:04.003 [main] DEBUG org.hibernate.type.BasicTypeRegistry - Adding type registration calendar_date -&gt; org.hibernate.type.CalendarDateType@6c7a164b
22:30:04.003 [main] DEBUG org.hibernate.type.BasicTypeRegistry - Adding type registration locale -&gt; org.hibernate.type.LocaleType@638ef7ed
22:30:04.003 [main] DEBUG org.hibernate.type.BasicTypeRegistry - Adding type registration java.util.Locale -&gt; org.hibernate.type.LocaleType@638ef7ed
22:30:04.003 [main] DEBUG org.hibernate.type.BasicTypeRegistry - Adding type registration currency -&gt; org.hibernate.type.CurrencyType@776a6d9b
22:30:04.003 [main] DEBUG org.hibernate.type.BasicTypeRegistry - Adding type registration java.util.Currency -&gt; org.hibernate.type.CurrencyType@776a6d9b
22:30:04.003 [main] DEBUG org.hibernate.type.BasicTypeRegistry - Adding type registration timezone -&gt; org.hibernate.type.TimeZoneType@1cf56a1c
22:30:04.003 [main] DEBUG org.hibernate.type.BasicTypeRegistry - Adding type registration java.util.TimeZone -&gt; org.hibernate.type.TimeZoneType@1cf56a1c
22:30:04.003 [main] DEBUG org.hibernate.type.BasicTypeRegistry - Adding type registration class -&gt; org.hibernate.type.ClassType@35b74c5c
22:30:04.003 [main] DEBUG org.hibernate.type.BasicTypeRegistry - Adding type registration java.lang.Class -&gt; org.hibernate.type.ClassType@35b74c5c
22:30:04.003 [main] DEBUG org.hibernate.type.BasicTypeRegistry - Adding type registration uuid-binary -&gt; org.hibernate.type.UUIDBinaryType@2ca923bb
22:30:04.003 [main] DEBUG org.hibernate.type.BasicTypeRegistry - Adding type registration java.util.UUID -&gt; org.hibernate.type.UUIDBinaryType@2ca923bb
22:30:04.003 [main] DEBUG org.hibernate.type.BasicTypeRegistry - Adding type registration uuid-char -&gt; org.hibernate.type.UUIDCharType@72d6b3ba
22:30:04.003 [main] DEBUG org.hibernate.type.BasicTypeRegistry - Adding type registration binary -&gt; org.hibernate.type.BinaryType@7905a0b8
22:30:04.003 [main] DEBUG org.hibernate.type.BasicTypeRegistry - Adding type registration byte[] -&gt; org.hibernate.type.BinaryType@7905a0b8
22:30:04.003 [main] DEBUG org.hibernate.type.BasicTypeRegistry - Adding type registration [B -&gt; org.hibernate.type.BinaryType@7905a0b8
22:30:04.003 [main] DEBUG org.hibernate.type.BasicTypeRegistry - Adding type registration wrapper-binary -&gt; org.hibernate.type.WrapperBinaryType@6ca18a14
22:30:04.003 [main] DEBUG org.hibernate.type.BasicTypeRegistry - Adding type registration Byte[] -&gt; org.hibernate.type.WrapperBinaryType@6ca18a14
22:30:04.003 [main] DEBUG org.hibernate.type.BasicTypeRegistry - Adding type registration [Ljava.lang.Byte; -&gt; org.hibernate.type.WrapperBinaryType@6ca18a14
22:30:04.003 [main] DEBUG org.hibernate.type.BasicTypeRegistry - Adding type registration image -&gt; org.hibernate.type.ImageType@2462cb01
22:30:04.003 [main] DEBUG org.hibernate.type.BasicTypeRegistry - Adding type registration characters -&gt; org.hibernate.type.CharArrayType@1e13529a
22:30:04.003 [main] DEBUG org.hibernate.type.BasicTypeRegistry - Adding type registration char[] -&gt; org.hibernate.type.CharArrayType@1e13529a
22:30:04.003 [main] DEBUG org.hibernate.type.BasicTypeRegistry - Adding type registration [C -&gt; org.hibernate.type.CharArrayType@1e13529a
22:30:04.003 [main] DEBUG org.hibernate.type.BasicTypeRegistry - Adding type registration wrapper-characters -&gt; org.hibernate.type.CharacterArrayType@3cfdd820
22:30:04.003 [main] DEBUG org.hibernate.type.BasicTypeRegistry - Adding type registration [Ljava.lang.Character; -&gt; org.hibernate.type.CharacterArrayType@3cfdd820
22:30:04.003 [main] DEBUG org.hibernate.type.BasicTypeRegistry - Adding type registration Character[] -&gt; org.hibernate.type.CharacterArrayType@3cfdd820
22:30:04.003 [main] DEBUG org.hibernate.type.BasicTypeRegistry - Adding type registration text -&gt; org.hibernate.type.TextType@dc9876b
22:30:04.003 [main] DEBUG org.hibernate.type.BasicTypeRegistry - Adding type registration ntext -&gt; org.hibernate.type.NTextType@57a3e26a
22:30:04.019 [main] DEBUG org.hibernate.type.BasicTypeRegistry - Adding type registration blob -&gt; org.hibernate.type.BlobType@16c069df
22:30:04.019 [main] DEBUG org.hibernate.type.BasicTypeRegistry - Adding type registration java.sql.Blob -&gt; org.hibernate.type.BlobType@16c069df
22:30:04.022 [main] DEBUG org.hibernate.type.BasicTypeRegistry - Adding type registration materialized_blob -&gt; org.hibernate.type.MaterializedBlobType@26adfd2d
22:30:04.023 [main] DEBUG org.hibernate.type.BasicTypeRegistry - Adding type registration clob -&gt; org.hibernate.type.ClobType@560348e6
22:30:04.023 [main] DEBUG org.hibernate.type.BasicTypeRegistry - Adding type registration java.sql.Clob -&gt; org.hibernate.type.ClobType@560348e6
22:30:04.023 [main] DEBUG org.hibernate.type.BasicTypeRegistry - Adding type registration nclob -&gt; org.hibernate.type.NClobType@f627d13
22:30:04.023 [main] DEBUG org.hibernate.type.BasicTypeRegistry - Adding type registration java.sql.NClob -&gt; org.hibernate.type.NClobType@f627d13
22:30:04.023 [main] DEBUG org.hibernate.type.BasicTypeRegistry - Adding type registration materialized_clob -&gt; org.hibernate.type.MaterializedClobType@3224a577
22:30:04.023 [main] DEBUG org.hibernate.type.BasicTypeRegistry - Adding type registration materialized_nclob -&gt; org.hibernate.type.MaterializedNClobType@3e44f2a5
22:30:04.023 [main] DEBUG org.hibernate.type.BasicTypeRegistry - Adding type registration serializable -&gt; org.hibernate.type.SerializableType@895e367
22:30:04.023 [main] DEBUG org.hibernate.type.BasicTypeRegistry - Adding type registration object -&gt; org.hibernate.type.ObjectType@50313382
22:30:04.023 [main] DEBUG org.hibernate.type.BasicTypeRegistry - Adding type registration java.lang.Object -&gt; org.hibernate.type.ObjectType@50313382
22:30:04.023 [main] DEBUG org.hibernate.type.BasicTypeRegistry - Adding type registration imm_date -&gt; org.hibernate.type.AdaptedImmutableType@14a50707
22:30:04.023 [main] DEBUG org.hibernate.type.BasicTypeRegistry - Adding type registration imm_time -&gt; org.hibernate.type.AdaptedImmutableType@4d518b32
22:30:04.023 [main] DEBUG org.hibernate.type.BasicTypeRegistry - Adding type registration imm_timestamp -&gt; org.hibernate.type.AdaptedImmutableType@4bd31064
22:30:04.023 [main] DEBUG org.hibernate.type.BasicTypeRegistry - Adding type registration imm_dbtimestamp -&gt; org.hibernate.type.AdaptedImmutableType@e3c0e40
22:30:04.023 [main] DEBUG org.hibernate.type.BasicTypeRegistry - Adding type registration imm_calendar -&gt; org.hibernate.type.AdaptedImmutableType@329dbdbf
22:30:04.023 [main] DEBUG org.hibernate.type.BasicTypeRegistry - Adding type registration imm_calendar_date -&gt; org.hibernate.type.AdaptedImmutableType@7354b8c5
22:30:04.023 [main] DEBUG org.hibernate.type.BasicTypeRegistry - Adding type registration imm_binary -&gt; org.hibernate.type.AdaptedImmutableType@20d7d6fb
22:30:04.023 [main] DEBUG org.hibernate.type.BasicTypeRegistry - Adding type registration imm_serializable -&gt; org.hibernate.type.AdaptedImmutableType@4ef782af
22:30:04.039 [main] DEBUG org.springframework.jdbc.datasource.DriverManagerDataSource - Creating new JDBC DriverManager Connection to [jdbc:h2:~/test]
22:30:04.204 [main] DEBUG org.hibernate.engine.jdbc.env.internal.JdbcEnvironmentInitiator - Database -&gt;
       name : H2
    version : 1.4.196 (2017-06-10)
      major : 1
      minor : 4
22:30:04.204 [main] DEBUG org.hibernate.engine.jdbc.env.internal.JdbcEnvironmentInitiator - Driver -&gt;
       name : H2 JDBC Driver
    version : 1.4.196 (2017-06-10)
      major : 1
      minor : 4
22:30:04.204 [main] DEBUG org.hibernate.engine.jdbc.env.internal.JdbcEnvironmentInitiator - JDBC version : 4.0
22:30:04.219 [main] INFO org.hibernate.dialect.Dialect - HHH000400: Using dialect: org.hibernate.dialect.H2Dialect
22:30:04.235 [main] DEBUG org.hibernate.engine.jdbc.cursor.internal.StandardRefCursorSupport - Unexpected error trying to gauge level of JDBC REF_CURSOR support : null
22:30:04.420 [main] DEBUG org.hibernate.id.factory.internal.DefaultIdentifierGeneratorFactory - Registering IdentifierGenerator strategy [uuid2] -&gt; [org.hibernate.id.UUIDGenerator]
22:30:04.420 [main] DEBUG org.hibernate.id.factory.internal.DefaultIdentifierGeneratorFactory - Registering IdentifierGenerator strategy [guid] -&gt; [org.hibernate.id.GUIDGenerator]
22:30:04.420 [main] DEBUG org.hibernate.id.factory.internal.DefaultIdentifierGeneratorFactory - Registering IdentifierGenerator strategy [uuid] -&gt; [org.hibernate.id.UUIDHexGenerator]
22:30:04.420 [main] DEBUG org.hibernate.id.factory.internal.DefaultIdentifierGeneratorFactory - Registering IdentifierGenerator strategy [uuid.hex] -&gt; [org.hibernate.id.UUIDHexGenerator]
22:30:04.420 [main] DEBUG org.hibernate.id.factory.internal.DefaultIdentifierGeneratorFactory - Registering IdentifierGenerator strategy [assigned] -&gt; [org.hibernate.id.Assigned]
22:30:04.420 [main] DEBUG org.hibernate.id.factory.internal.DefaultIdentifierGeneratorFactory - Registering IdentifierGenerator strategy [identity] -&gt; [org.hibernate.id.IdentityGenerator]
22:30:04.420 [main] DEBUG org.hibernate.id.factory.internal.DefaultIdentifierGeneratorFactory - Registering IdentifierGenerator strategy [select] -&gt; [org.hibernate.id.SelectGenerator]
22:30:04.420 [main] DEBUG org.hibernate.id.factory.internal.DefaultIdentifierGeneratorFactory - Registering IdentifierGenerator strategy [sequence] -&gt; [org.hibernate.id.enhanced.SequenceStyleGenerator]
22:30:04.436 [main] DEBUG org.hibernate.id.factory.internal.DefaultIdentifierGeneratorFactory - Registering IdentifierGenerator strategy [seqhilo] -&gt; [org.hibernate.id.SequenceHiLoGenerator]
22:30:04.436 [main] DEBUG org.hibernate.id.factory.internal.DefaultIdentifierGeneratorFactory - Registering IdentifierGenerator strategy [increment] -&gt; [org.hibernate.id.IncrementGenerator]
22:30:04.436 [main] DEBUG org.hibernate.id.factory.internal.DefaultIdentifierGeneratorFactory - Registering IdentifierGenerator strategy [foreign] -&gt; [org.hibernate.id.ForeignGenerator]
22:30:04.436 [main] DEBUG org.hibernate.id.factory.internal.DefaultIdentifierGeneratorFactory - Registering IdentifierGenerator strategy [sequence-identity] -&gt; [org.hibernate.id.SequenceIdentityGenerator]
22:30:04.436 [main] DEBUG org.hibernate.id.factory.internal.DefaultIdentifierGeneratorFactory - Registering IdentifierGenerator strategy [enhanced-sequence] -&gt; [org.hibernate.id.enhanced.SequenceStyleGenerator]
22:30:04.436 [main] DEBUG org.hibernate.id.factory.internal.DefaultIdentifierGeneratorFactory - Registering IdentifierGenerator strategy [enhanced-table] -&gt; [org.hibernate.id.enhanced.TableGenerator]
22:30:04.458 [main] DEBUG org.hibernate.boot.model.relational.Namespace - Created database namespace [logicalName=Name{catalog=null, schema=null}, physicalName=Name{catalog=null, schema=null}]
22:30:04.473 [main] DEBUG org.hibernate.cfg.AnnotationBinder - Binding entity from annotated class: com.project.backend.domain.Category
22:30:04.489 [main] DEBUG org.hibernate.cfg.Ejb3Column - Binding column: Ejb3DiscriminatorColumn{logicalColumnName&apos;DTYPE&apos;, discriminatorTypeName=&apos;string&apos;}
[...]
	at org.hibernate.engine.transaction.internal.TransactionImpl.commit(TransactionImpl.java:65)
	at org.springframework.orm.hibernate5.HibernateTransactionManager.doCommit(HibernateTransactionManager.java:609)
	at org.springframework.transaction.support.AbstractPlatformTransactionManager.processCommit(AbstractPlatformTransactionManager.java:746)
	at org.springframework.transaction.support.AbstractPlatformTransactionManager.commit(AbstractPlatformTransactionManager.java:714)
	at org.springframework.transaction.interceptor.TransactionAspectSupport.commitTransactionAfterReturning(TransactionAspectSupport.java:532)
	at org.springframework.transaction.interceptor.TransactionAspectSupport.invokeWithinTransaction(TransactionAspectSupport.java:304)
	at org.springframework.transaction.interceptor.TransactionInterceptor.invoke(TransactionInterceptor.java:98)
	at org.springframework.aop.framework.ReflectiveMethodInvocation.proceed(ReflectiveMethodInvocation.java:185)
	at org.springframework.aop.framework.JdkDynamicAopProxy.invoke(JdkDynamicAopProxy.java:212)
	at com.sun.proxy.$Proxy33.update(Unknown Source)
	at com.project.backend.CategoryTestCase.updateCategoryTestCase(CategoryTestCase.java:49)
	at sun.reflect.NativeMethodAccessorImpl.invoke0(Native Method)
	at sun.reflect.NativeMethodAccessorImpl.invoke(Unknown Source)
	at sun.reflect.DelegatingMethodAccessorImpl.invoke(Unknown Source)
	at java.lang.reflect.Method.invoke(Unknown Source)
	at org.junit.internal.runners.TestMethod.invoke(TestMethod.java:59)
	at org.junit.internal.runners.MethodRoadie.runTestMethod(MethodRoadie.java:98)
	at org.junit.internal.runners.MethodRoadie$2.run(MethodRoadie.java:79)
	at org.junit.internal.runners.MethodRoadie.runBeforesThenTestThenAfters(MethodRoadie.java:87)
	at org.junit.internal.runners.MethodRoadie.runTest(MethodRoadie.java:77)
	at org.junit.internal.runners.MethodRoadie.run(MethodRoadie.java:42)
	at org.junit.internal.runners.JUnit4ClassRunner.invokeTestMethod(JUnit4ClassRunner.java:88)
	at org.junit.internal.runners.JUnit4ClassRunner.runMethods(JUnit4ClassRunner.java:51)
	at org.junit.internal.runners.JUnit4ClassRunner$1.run(JUnit4ClassRunner.java:44)
	at org.junit.internal.runners.ClassRoadie.runUnprotected(ClassRoadie.java:27)
	at org.junit.internal.runners.ClassRoadie.runProtected(ClassRoadie.java:37)
	at org.junit.internal.runners.JUnit4ClassRunner.run(JUnit4ClassRunner.java:42)
	at org.apache.maven.surefire.junit4.JUnit4Provider.execute(JUnit4Provider.java:252)
	at org.apache.maven.surefire.junit4.JUnit4Provider.executeTestSet(JUnit4Provider.java:141)
	at org.apache.maven.surefire.junit4.JUnit4Provider.invoke(JUnit4Provider.java:112)
	at sun.reflect.NativeMethodAccessorImpl.invoke0(Native Method)
	at sun.reflect.NativeMethodAccessorImpl.invoke(Unknown Source)
	at sun.reflect.DelegatingMethodAccessorImpl.invoke(Unknown Source)
	at java.lang.reflect.Method.invoke(Unknown Source)
	at org.apache.maven.surefire.util.ReflectionUtils.invokeMethodWithArray(ReflectionUtils.java:189)
	at org.apache.maven.surefire.booter.ProviderFactory$ProviderProxy.invoke(ProviderFactory.java:165)
	at org.apache.maven.surefire.booter.ProviderFactory.invokeProvider(ProviderFactory.java:85)
	at org.apache.maven.surefire.booter.ForkedBooter.runSuitesInProcess(ForkedBooter.java:115)
	at org.apache.maven.surefire.booter.ForkedBooter.main(ForkedBooter.java:75)
22:30:06.026 [main] DEBUG org.springframework.orm.hibernate5.HibernateTransactionManager - Initiating transaction rollback after commit exception
org.springframework.orm.hibernate5.HibernateOptimisticLockingFailureException: Batch update returned unexpected row count from update [0]; actual row count: 0; expected: 1; nested exception is org.hibernate.StaleStateException: Batch update returned unexpected row count from update [0]; actual row count: 0; expected: 1
	at org.springframework.orm.hibernate5.SessionFactoryUtils.convertHibernateAccessException(SessionFactoryUtils.java:289)
	at org.springframework.orm.hibernate5.HibernateTransactionManager.convertHibernateAccessException(HibernateTransactionManager.java:785)
	at org.springframework.orm.hibernate5.HibernateTransactionManager.doCommit(HibernateTransactionManager.java:617)
	at org.springframework.transaction.support.AbstractPlatformTransactionManager.processCommit(AbstractPlatformTransactionManager.java:746)
	at org.springframework.transaction.support.AbstractPlatformTransactionManager.commit(AbstractPlatformTransactionManager.java:714)
	at org.springframework.transaction.interceptor.TransactionAspectSupport.commitTransactionAfterReturning(TransactionAspectSupport.java:532)
	at org.springframework.transaction.interceptor.TransactionAspectSupport.invokeWithinTransaction(TransactionAspectSupport.java:304)
	at org.springframework.transaction.interceptor.TransactionInterceptor.invoke(TransactionInterceptor.java:98)
	at org.springframework.aop.framework.ReflectiveMethodInvocation.proceed(ReflectiveMethodInvocation.java:185)
	at org.springframework.aop.framework.JdkDynamicAopProxy.invoke(JdkDynamicAopProxy.java:212)
	at com.sun.proxy.$Proxy33.update(Unknown Source)
	at com.project.backend.CategoryTestCase.updateCategoryTestCase(CategoryTestCase.java:49)
	at sun.reflect.NativeMethodAccessorImpl.invoke0(Native Method)
	at sun.reflect.NativeMethodAccessorImpl.invoke(Unknown Source)
	at sun.reflect.DelegatingMethodAccessorImpl.invoke(Unknown Source)
	at java.lang.reflect.Method.invoke(Unknown Source)
	at org.junit.internal.runners.TestMethod.invoke(TestMethod.java:59)
	at org.junit.internal.runners.MethodRoadie.runTestMethod(MethodRoadie.java:98)
	at org.junit.internal.runners.MethodRoadie$2.run(MethodRoadie.java:79)
	at org.junit.internal.runners.MethodRoadie.runBeforesThenTestThenAfters(MethodRoadie.java:87)
	at org.junit.internal.runners.MethodRoadie.runTest(MethodRoadie.java:77)
	at org.junit.internal.runners.MethodRoadie.run(MethodRoadie.java:42)
	at org.junit.internal.runners.JUnit4ClassRunner.invokeTestMethod(JUnit4ClassRunner.java:88)
	at org.junit.internal.runners.JUnit4ClassRunner.runMethods(JUnit4ClassRunner.java:51)
	at org.junit.internal.runners.JUnit4ClassRunner$1.run(JUnit4ClassRunner.java:44)
	at org.junit.internal.runners.ClassRoadie.runUnprotected(ClassRoadie.java:27)
	at org.junit.internal.runners.ClassRoadie.runProtected(ClassRoadie.java:37)
	at org.junit.internal.runners.JUnit4ClassRunner.run(JUnit4ClassRunner.java:42)
	at org.apache.maven.surefire.junit4.JUnit4Provider.execute(JUnit4Provider.java:252)
	at org.apache.maven.surefire.junit4.JUnit4Provider.executeTestSet(JUnit4Provider.java:141)
	at org.apache.maven.surefire.junit4.JUnit4Provider.invoke(JUnit4Provider.java:112)
	at sun.reflect.NativeMethodAccessorImpl.invoke0(Native Method)
	at sun.reflect.NativeMethodAccessorImpl.invoke(Unknown Source)
	at sun.reflect.DelegatingMethodAccessorImpl.invoke(Unknown Source)
	at java.lang.reflect.Method.invoke(Unknown Source)
	at org.apache.maven.surefire.util.ReflectionUtils.invokeMethodWithArray(ReflectionUtils.java:189)
	at org.apache.maven.surefire.booter.ProviderFactory$ProviderProxy.invoke(ProviderFactory.java:165)
	at org.apache.maven.surefire.booter.ProviderFactory.invokeProvider(ProviderFactory.java:85)
	at org.apache.maven.surefire.booter.ForkedBooter.runSuitesInProcess(ForkedBooter.java:115)
	at org.apache.maven.surefire.booter.ForkedBooter.main(ForkedBooter.java:75)
Caused by: org.hibernate.StaleStateException: Batch update returned unexpected row count from update [0]; actual row count: 0; expected: 1
	at org.hibernate.jdbc.Expectations$BasicExpectation.checkBatched(Expectations.java:67)
	at org.hibernate.jdbc.Expectations$BasicExpectation.verifyOutcome(Expectations.java:54)
	at org.hibernate.engine.jdbc.batch.internal.NonBatchingBatch.addToBatch(NonBatchingBatch.java:46)
	at org.hibernate.persister.entity.AbstractEntityPersister.update(AbstractEntityPersister.java:3069)
	at org.hibernate.persister.entity.AbstractEntityPersister.updateOrInsert(AbstractEntityPersister.java:2948)
	at org.hibernate.persister.entity.AbstractEntityPersister.update(AbstractEntityPersister.java:3328)
	at org.hibernate.action.internal.EntityUpdateAction.execute(EntityUpdateAction.java:145)
	at org.hibernate.engine.spi.ActionQueue.executeActions(ActionQueue.java:560)
	at org.hibernate.engine.spi.ActionQueue.executeActions(ActionQueue.java:434)
	at org.hibernate.event.internal.AbstractFlushingEventListener.performExecutions(AbstractFlushingEventListener.java:337)
	at org.hibernate.event.internal.DefaultFlushEventListener.onFlush(DefaultFlushEventListener.java:39)
	at org.hibernate.internal.SessionImpl.flush(SessionImpl.java:1224)
	at org.hibernate.internal.SessionImpl.managedFlush(SessionImpl.java:464)
	at org.hibernate.internal.SessionImpl.flushBeforeTransactionCompletion(SessionImpl.java:2905)
	at org.hibernate.internal.SessionImpl.beforeTransactionCompletion(SessionImpl.java:2281)
	at org.hibernate.engine.jdbc.internal.JdbcCoordinatorImpl.beforeTransactionCompletion(JdbcCoordinatorImpl.java:485)
	at org.hibernate.resource.transaction.backend.jdbc.internal.JdbcResourceLocalTransactionCoordinatorImpl.beforeCompletionCallback(JdbcResourceLocalTransactionCoordinatorImpl.java:146)
	at org.hibernate.resource.transaction.backend.jdbc.internal.JdbcResourceLocalTransactionCoordinatorImpl.access$100(JdbcResourceLocalTransactionCoordinatorImpl.java:38)
	at org.hibernate.resource.transaction.backend.jdbc.internal.JdbcResourceLocalTransactionCoordinatorImpl$TransactionDriverControlImpl.commit(JdbcResourceLocalTransactionCoordinatorImpl.java:230)
	at org.hibernate.engine.transaction.internal.TransactionImpl.commit(TransactionImpl.java:65)
	at org.springframework.orm.hibernate5.HibernateTransactionManager.doCommit(HibernateTransactionManager.java:609)
	... 37 common frames omitted
22:30:06.026 [main] DEBUG org.springframework.orm.hibernate5.HibernateTransactionManager - Rolling back Hibernate transaction on Session [SessionImpl(PersistenceContext[entityKeys=[EntityKey[com.project.backend.domain.Category#Category001]],collectionKeys=[]];ActionQueue[insertions=ExecutableList{size=0} updates=ExecutableList{size=1} deletions=ExecutableList{size=0} orphanRemovals=ExecutableList{size=0} collectionCreations=ExecutableList{size=0} collectionRemovals=ExecutableList{size=1} collectionUpdates=ExecutableList{size=0} collectionQueuedOps=ExecutableList{size=0} unresolvedInsertDependencies=null])]
22:30:06.026 [main] DEBUG org.hibernate.engine.transaction.internal.TransactionImpl - rollback() called on an inactive transaction
22:30:06.026 [main] DEBUG org.springframework.orm.hibernate5.HibernateTransactionManager - Closing Hibernate Session [SessionImpl(PersistenceContext[entityKeys=[EntityKey[com.project.backend.domain.Category#Category001]],collectionKeys=[]];ActionQueue[insertions=ExecutableList{size=0} updates=ExecutableList{size=1} deletions=ExecutableList{size=0} orphanRemovals=ExecutableList{size=0} collectionCreations=ExecutableList{size=0} collectionRemovals=ExecutableList{size=1} collectionUpdates=ExecutableList{size=0} collectionQueuedOps=ExecutableList{size=0} unresolvedInsertDependencies=null])] after transaction
22:30:06.026 [main] DEBUG org.hibernate.engine.jdbc.internal.JdbcCoordinatorImpl - HHH000420: Closing un-released batch
22:30:06.026 [main] INFO org.hibernate.engine.jdbc.batch.internal.AbstractBatchImpl - HHH000010: On release of batch it still contained JDBC statements
22:30:06.026 [main] DEBUG org.hibernate.resource.jdbc.internal.ResourceRegistryStandardImpl - HHH000387: ResultSet&apos;s statement was not registered
22:30:06.029 [main] DEBUG org.hibernate.resource.jdbc.internal.ResourceRegistryStandardImpl - Exception clearing maxRows/queryTimeout [The object is already closed [90007-196]]
</system-out>
  </testcase>
  <testcase classname="com.project.backend.CategoryTestCase" name="getCategorySuccessTestCase" time="0.021"/>
  <testcase classname="com.project.backend.CategoryTestCase" name="getCategoryFailureTestCase" time="0.049"/>
  <testcase classname="com.project.backend.CategoryTestCase" name="deleteCategorySuccessTestCase" time="0.012">
    <failure message="delete category succss test case expected:&lt;true&gt; but was:&lt;false&gt;" type="java.lang.AssertionError">java.lang.AssertionError: delete category succss test case expected:&lt;true&gt; but was:&lt;false&gt;
	at org.junit.Assert.fail(Assert.java:74)
	at org.junit.Assert.failNotEquals(Assert.java:448)
	at org.junit.Assert.assertEquals(Assert.java:102)
	at com.project.backend.CategoryTestCase.deleteCategorySuccessTestCase(CategoryTestCase.java:68)
	at sun.reflect.NativeMethodAccessorImpl.invoke0(Native Method)
	at sun.reflect.NativeMethodAccessorImpl.invoke(Unknown Source)
	at sun.reflect.DelegatingMethodAccessorImpl.invoke(Unknown Source)
	at java.lang.reflect.Method.invoke(Unknown Source)
	at org.junit.internal.runners.TestMethod.invoke(TestMethod.java:59)
	at org.junit.internal.runners.MethodRoadie.runTestMethod(MethodRoadie.java:98)
	at org.junit.internal.runners.MethodRoadie$2.run(MethodRoadie.java:79)
	at org.junit.internal.runners.MethodRoadie.runBeforesThenTestThenAfters(MethodRoadie.java:87)
	at org.junit.internal.runners.MethodRoadie.runTest(MethodRoadie.java:77)
	at org.junit.internal.runners.MethodRoadie.run(MethodRoadie.java:42)
	at org.junit.internal.runners.JUnit4ClassRunner.invokeTestMethod(JUnit4ClassRunner.java:88)
	at org.junit.internal.runners.JUnit4ClassRunner.runMethods(JUnit4ClassRunner.java:51)
	at org.junit.internal.runners.JUnit4ClassRunner$1.run(JUnit4ClassRunner.java:44)
	at org.junit.internal.runners.ClassRoadie.runUnprotected(ClassRoadie.java:27)
	at org.junit.internal.runners.ClassRoadie.runProtected(ClassRoadie.java:37)
	at org.junit.internal.runners.JUnit4ClassRunner.run(JUnit4ClassRunner.java:42)
	at org.apache.maven.surefire.junit4.JUnit4Provider.execute(JUnit4Provider.java:252)
	at org.apache.maven.surefire.junit4.JUnit4Provider.executeTestSet(JUnit4Provider.java:141)
	at org.apache.maven.surefire.junit4.JUnit4Provider.invoke(JUnit4Provider.java:112)
	at sun.reflect.NativeMethodAccessorImpl.invoke0(Native Method)
	at sun.reflect.NativeMethodAccessorImpl.invoke(Unknown Source)
	at sun.reflect.DelegatingMethodAccessorImpl.invoke(Unknown Source)
	at java.lang.reflect.Method.invoke(Unknown Source)
	at org.apache.maven.surefire.util.ReflectionUtils.invokeMethodWithArray(ReflectionUtils.java:189)
	at org.apache.maven.surefire.booter.ProviderFactory$ProviderProxy.invoke(ProviderFactory.java:165)
	at org.apache.maven.surefire.booter.ProviderFactory.invokeProvider(ProviderFactory.java:85)
	at org.apache.maven.surefire.booter.ForkedBooter.runSuitesInProcess(ForkedBooter.java:115)
	at org.apache.maven.surefire.booter.ForkedBooter.main(ForkedBooter.java:75)
</failure>
    <system-out>22:30:06.101 [main] DEBUG org.springframework.orm.hibernate5.HibernateTransactionManager - Creating new transaction with name [com.project.backend.daoimpl.CategoryDAOIMPL.delete]: PROPAGATION_REQUIRED,ISOLATION_DEFAULT; &apos;&apos;
22:30:06.101 [main] DEBUG org.springframework.orm.hibernate5.HibernateTransactionManager - Opened new Session [SessionImpl(PersistenceContext[entityKeys=[],collectionKeys=[]];ActionQueue[insertions=ExecutableList{size=0} updates=ExecutableList{size=0} deletions=ExecutableList{size=0} orphanRemovals=ExecutableList{size=0} collectionCreations=ExecutableList{size=0} collectionRemovals=ExecutableList{size=0} collectionUpdates=ExecutableList{size=0} collectionQueuedOps=ExecutableList{size=0} unresolvedInsertDependencies=null])] for Hibernate transaction
22:30:06.101 [main] DEBUG org.springframework.orm.hibernate5.HibernateTransactionManager - Preparing JDBC Connection of Hibernate Session [SessionImpl(PersistenceContext[entityKeys=[],collectionKeys=[]];ActionQueue[insertions=ExecutableList{size=0} updates=ExecutableList{size=0} deletions=ExecutableList{size=0} orphanRemovals=ExecutableList{size=0} collectionCreations=ExecutableList{size=0} collectionRemovals=ExecutableList{size=0} collectionUpdates=ExecutableList{size=0} collectionQueuedOps=ExecutableList{size=0} unresolvedInsertDependencies=null])]
22:30:06.102 [main] DEBUG org.springframework.jdbc.datasource.DriverManagerDataSource - Creating new JDBC DriverManager Connection to [jdbc:h2:~/test]
22:30:06.112 [main] DEBUG org.hibernate.engine.transaction.internal.TransactionImpl - begin
22:30:06.112 [main] DEBUG org.springframework.orm.hibernate5.HibernateTransactionManager - Exposing Hibernate transaction as JDBC transaction [conn7: url=jdbc:h2:~/test user=SA]
22:30:06.112 [main] DEBUG org.hibernate.SQL - select category0_.id as id1_0_0_, category0_.description as descript2_0_0_, category0_.name as name3_0_0_, products1_.categoryId as category2_1_1_, products1_.id as id1_1_1_, products1_.id as id1_1_2_, products1_.categoryId as category2_1_2_, products1_.description as descript3_1_2_, products1_.name as name4_1_2_, products1_.price as price5_1_2_, products1_.supplierid as supplier6_1_2_, supplier2_.id as id1_2_3_, supplier2_.address as address2_2_3_, supplier2_.name as name3_2_3_ from Category category0_ left outer join Product products1_ on category0_.id=products1_.categoryId left outer join Supplier supplier2_ on products1_.supplierid=supplier2_.id where category0_.id=?
Hibernate: select category0_.id as id1_0_0_, category0_.description as descript2_0_0_, category0_.name as name3_0_0_, products1_.categoryId as category2_1_1_, products1_.id as id1_1_1_, products1_.id as id1_1_2_, products1_.categoryId as category2_1_2_, products1_.description as descript3_1_2_, products1_.name as name4_1_2_, products1_.price as price5_1_2_, products1_.supplierid as supplier6_1_2_, supplier2_.id as id1_2_3_, supplier2_.address as address2_2_3_, supplier2_.name as name3_2_3_ from Category category0_ left outer join Product products1_ on category0_.id=products1_.categoryId left outer join Supplier supplier2_ on products1_.supplierid=supplier2_.id where category0_.id=?
22:30:06.113 [main] DEBUG org.hibernate.engine.loading.internal.CollectionLoadContext - No collections were found in result set for role: com.project.backend.domain.Category.products
22:30:06.113 [main] DEBUG org.hibernate.resource.jdbc.internal.ResourceRegistryStandardImpl - HHH000387: ResultSet&apos;s statement was not registered
22:30:06.114 [main] DEBUG org.hibernate.loader.entity.plan.AbstractLoadPlanBasedEntityLoader - Done entity load : com.project.backend.domain.Category#Category001
delete f
22:30:06.114 [main] DEBUG org.springframework.orm.hibernate5.HibernateTransactionManager - Initiating transaction commit
22:30:06.114 [main] DEBUG org.springframework.orm.hibernate5.HibernateTransactionManager - Committing Hibernate transaction on Session [SessionImpl(PersistenceContext[entityKeys=[],collectionKeys=[]];ActionQueue[insertions=ExecutableList{size=0} updates=ExecutableList{size=0} deletions=ExecutableList{size=0} orphanRemovals=ExecutableList{size=0} collectionCreations=ExecutableList{size=0} collectionRemovals=ExecutableList{size=0} collectionUpdates=ExecutableList{size=0} collectionQueuedOps=ExecutableList{size=0} unresolvedInsertDependencies=null])]
22:30:06.114 [main] DEBUG org.hibernate.engine.transaction.internal.TransactionImpl - committing
22:30:06.115 [main] DEBUG org.springframework.orm.hibernate5.HibernateTransactionManager - Closing Hibernate Session [SessionImpl(PersistenceContext[entityKeys=[],collectionKeys=[]];ActionQueue[insertions=ExecutableList{size=0} updates=ExecutableList{size=0} deletions=ExecutableList{size=0} orphanRemovals=ExecutableList{size=0} collectionCreations=ExecutableList{size=0} collectionRemovals=ExecutableList{size=0} collectionUpdates=ExecutableList{size=0} collectionQueuedOps=ExecutableList{size=0} unresolvedInsertDependencies=null])] after transaction
</system-out>
  </testcase>
</testsuite>