<?xml version="1.0" encoding="UTF-8" ?>
<testsuite tests="4" failures="1" name="com.project.backend.SupplierTestCase" time="0.502" errors="0" skipped="0">
  <properties>
[...]
</properties>
  <testcase classname="com.project.backend.SupplierTestCase" name="getSupplierFailureTestCase" time="0.192"/>
  <testcase classname="com.project.backend.SupplierTestCase" name="getAllSuppliersTestCase" time="0.038">
    <failure message="get all usres  expected:&lt;2&gt; but was:&lt;3&gt;" type="java.lang.AssertionError">java.lang.AssertionError: get all usres  expected:&lt;2&gt; but was:&lt;3&gt;
	at org.junit.Assert.fail(Assert.java:74)
	at org.junit.Assert.failNotEquals(Assert.java:448)
	at org.junit.Assert.assertEquals(Assert.java:102)
	at org.junit.Assert.assertEquals(Assert.java:323)
	at com.project.backend.SupplierTestCase.getAllSuppliersTestCase(SupplierTestCase.java:81)
	at sun.reflect.NativeMethodAccessorImpl.invoke0(Native Method)
	at sun.reflect.NativeMethodAccessorImpl.invoke(NativeMethodAccessorImpl.java:62)
	at sun.reflect.DelegatingMethodAccessorImpl.invoke(DelegatingMethodAccessorImpl.java:43)
	at java.lang.reflect.Method.invoke(Method.java:498)
	at org.junit.internal.runners.TestMethod.invoke(TestMethod.java:59)
	at org.junit.internal.runners.MethodRoadie.runTestMethod(MethodRoadie.java:98)
	at org.junit.internal.runners.MethodRoadie$2.run(MethodRoadie.java:79)
	at org.junit.internal.runners.MethodRoadie.runBeforesThenTestThenAfters(MethodRoadie.java:87)
	at org.junit.internal.runners.MethodRoadie.runTest(MethodRoadie.java:77)
	at org.junit.internal.runners.MethodRoadie.run(MethodRoadie.java:42)
	at org.junit.internal.runners.JUnit4ClassRunner.invokeTestMethod(JUnit4ClassRunner.java:88)
	at org.junit.internal.runners.JUnit4ClassRunner.runMethods(JUnit4ClassRunner.java:51)
	at org.junit.internal.runners.JUnit4ClassRunner$1.run(JUnit4ClassRunner.java:44)
	at org.junit.internal.runners.ClassRoadie.runUnprotected(ClassRoadie.java:27)
	at org.junit.internal.runners.ClassRoadie.runProtected(ClassRoadie.java:37)
	at org.junit.internal.runners.JUnit4ClassRunner.run(JUnit4ClassRunner.java:42)
	at org.apache.maven.surefire.junit4.JUnit4Provider.execute(JUnit4Provider.java:252)
	at org.apache.maven.surefire.junit4.JUnit4Provider.executeTestSet(JUnit4Provider.java:141)
	at org.apache.maven.surefire.junit4.JUnit4Provider.invoke(JUnit4Provider.java:112)
	at sun.reflect.NativeMethodAccessorImpl.invoke0(Native Method)
	at sun.reflect.NativeMethodAccessorImpl.invoke(NativeMethodAccessorImpl.java:62)
	at sun.reflect.DelegatingMethodAccessorImpl.invoke(DelegatingMethodAccessorImpl.java:43)
	at java.lang.reflect.Method.invoke(Method.java:498)
	at org.apache.maven.surefire.util.ReflectionUtils.invokeMethodWithArray(ReflectionUtils.java:189)
	at org.apache.maven.surefire.booter.ProviderFactory$ProviderProxy.invoke(ProviderFactory.java:165)
	at org.apache.maven.surefire.booter.ProviderFactory.invokeProvider(ProviderFactory.java:85)
	at org.apache.maven.surefire.booter.ForkedBooter.runSuitesInProcess(ForkedBooter.java:115)
	at org.apache.maven.surefire.booter.ForkedBooter.main(ForkedBooter.java:75)
</failure>
    <system-out>Hibernate: select supplier0_.id as id1_2_, supplier0_.address as address2_2_, supplier0_.name as name3_2_ from Supplier supplier0_
Hibernate: select products0_.supplierid as supplier5_1_0_, products0_.id as id1_1_0_, products0_.id as id1_1_1_, products0_.categoryId as category2_1_1_, products0_.description as descript3_1_1_, products0_.name as name4_1_1_, products0_.supplierid as supplier5_1_1_, category1_.id as id1_0_2_, category1_.description as descript2_0_2_, category1_.name as name3_0_2_ from Product products0_ inner join Category category1_ on products0_.categoryId=category1_.id where products0_.supplierid=?
Hibernate: select products0_.supplierid as supplier5_1_0_, products0_.id as id1_1_0_, products0_.id as id1_1_1_, products0_.categoryId as category2_1_1_, products0_.description as descript3_1_1_, products0_.name as name4_1_1_, products0_.supplierid as supplier5_1_1_, category1_.id as id1_0_2_, category1_.description as descript2_0_2_, category1_.name as name3_0_2_ from Product products0_ inner join Category category1_ on products0_.categoryId=category1_.id where products0_.supplierid=?
Hibernate: select products0_.supplierid as supplier5_1_0_, products0_.id as id1_1_0_, products0_.id as id1_1_1_, products0_.categoryId as category2_1_1_, products0_.description as descript3_1_1_, products0_.name as name4_1_1_, products0_.supplierid as supplier5_1_1_, category1_.id as id1_0_2_, category1_.description as descript2_0_2_, category1_.name as name3_0_2_ from Product products0_ inner join Category category1_ on products0_.categoryId=category1_.id where products0_.supplierid=?
</system-out>
    <system-err>Mar 27, 2018 10:35:47 AM org.hibernate.hql.internal.QueryTranslatorFactoryInitiator initiateService
INFO: HHH000397: Using ASTQueryTranslatorFactory
</system-err>
  </testcase>
  <testcase classname="com.project.backend.SupplierTestCase" name="getSupplierSuccessTestCase" time="0.131"/>
  <testcase classname="com.project.backend.SupplierTestCase" name="deleteSupplierFailureTestCase" time="0.141"/>
</testsuite>